mode: set
github.com/j33pguy/magi/internal/chunking/splitter.go:27.30,32.2 1 1
github.com/j33pguy/magi/internal/chunking/splitter.go:35.52,37.2 1 1
github.com/j33pguy/magi/internal/chunking/splitter.go:41.50,42.28 1 1
github.com/j33pguy/magi/internal/chunking/splitter.go:42.28,44.3 1 1
github.com/j33pguy/magi/internal/chunking/splitter.go:46.2,52.35 5 1
github.com/j33pguy/magi/internal/chunking/splitter.go:52.35,57.69 3 1
github.com/j33pguy/magi/internal/chunking/splitter.go:57.69,68.4 5 1
github.com/j33pguy/magi/internal/chunking/splitter.go:71.3,71.34 1 1
github.com/j33pguy/magi/internal/chunking/splitter.go:71.34,72.25 1 1
github.com/j33pguy/magi/internal/chunking/splitter.go:72.25,79.5 3 1
github.com/j33pguy/magi/internal/chunking/splitter.go:81.4,84.12 4 1
github.com/j33pguy/magi/internal/chunking/splitter.go:87.3,88.28 2 1
github.com/j33pguy/magi/internal/chunking/splitter.go:91.2,91.23 1 1
github.com/j33pguy/magi/internal/chunking/splitter.go:91.23,96.3 1 1
github.com/j33pguy/magi/internal/chunking/splitter.go:98.2,98.15 1 1
github.com/j33pguy/magi/internal/chunking/splitter.go:102.47,107.29 4 1
github.com/j33pguy/magi/internal/chunking/splitter.go:107.29,109.59 2 1
github.com/j33pguy/magi/internal/chunking/splitter.go:109.59,112.4 2 1
github.com/j33pguy/magi/internal/chunking/splitter.go:113.3,114.28 2 1
github.com/j33pguy/magi/internal/chunking/splitter.go:117.2,117.23 1 1
github.com/j33pguy/magi/internal/chunking/splitter.go:117.23,119.3 1 1
github.com/j33pguy/magi/internal/chunking/splitter.go:121.2,121.17 1 1
github.com/j33pguy/magi/internal/chunking/splitter.go:125.73,131.34 5 1
github.com/j33pguy/magi/internal/chunking/splitter.go:131.34,135.66 3 1
github.com/j33pguy/magi/internal/chunking/splitter.go:135.66,144.4 5 1
github.com/j33pguy/magi/internal/chunking/splitter.go:146.3,147.30 2 1
github.com/j33pguy/magi/internal/chunking/splitter.go:150.2,150.23 1 1
github.com/j33pguy/magi/internal/chunking/splitter.go:150.23,155.3 1 1
github.com/j33pguy/magi/internal/chunking/splitter.go:157.2,157.15 1 1
github.com/j33pguy/magi/internal/chunking/splitter.go:161.48,162.20 1 1
github.com/j33pguy/magi/internal/chunking/splitter.go:162.20,164.3 1 1
github.com/j33pguy/magi/internal/chunking/splitter.go:166.2,167.51 2 1
github.com/j33pguy/magi/internal/chunking/splitter.go:167.51,169.3 1 1
github.com/j33pguy/magi/internal/chunking/splitter.go:170.2,170.16 1 1
github.com/j33pguy/magi/internal/classify/classify.go:60.43,61.26 1 1
github.com/j33pguy/magi/internal/classify/classify.go:61.26,62.37 1 1
github.com/j33pguy/magi/internal/classify/classify.go:62.37,64.4 1 1
github.com/j33pguy/magi/internal/classify/classify.go:66.2,66.25 1 1
github.com/j33pguy/magi/internal/grpc/auth.go:16.64,17.112 1 1
github.com/j33pguy/magi/internal/grpc/auth.go:17.112,18.18 1 1
github.com/j33pguy/magi/internal/grpc/auth.go:18.18,20.4 1 1
github.com/j33pguy/magi/internal/grpc/auth.go:23.3,23.59 1 1
github.com/j33pguy/magi/internal/grpc/auth.go:23.59,25.4 1 1
github.com/j33pguy/magi/internal/grpc/auth.go:27.3,28.10 2 1
github.com/j33pguy/magi/internal/grpc/auth.go:28.10,30.4 1 1
github.com/j33pguy/magi/internal/grpc/auth.go:32.3,33.23 2 1
github.com/j33pguy/magi/internal/grpc/auth.go:33.23,35.4 1 1
github.com/j33pguy/magi/internal/grpc/auth.go:37.3,39.70 3 1
github.com/j33pguy/magi/internal/grpc/auth.go:39.70,41.4 1 1
github.com/j33pguy/magi/internal/grpc/auth.go:43.3,43.85 1 1
github.com/j33pguy/magi/internal/grpc/auth.go:43.85,45.4 1 1
github.com/j33pguy/magi/internal/grpc/auth.go:47.3,47.27 1 1
github.com/j33pguy/magi/internal/grpc/history.go:10.45,12.2 1 1
github.com/j33pguy/magi/internal/grpc/history.go:15.69,16.22 1 1
github.com/j33pguy/magi/internal/grpc/history.go:16.22,18.3 1 1
github.com/j33pguy/magi/internal/grpc/history.go:19.2,20.31 2 1
github.com/j33pguy/magi/internal/grpc/history.go:24.81,25.22 1 1
github.com/j33pguy/magi/internal/grpc/history.go:25.22,27.3 1 1
github.com/j33pguy/magi/internal/grpc/history.go:28.2,29.50 2 1
github.com/j33pguy/magi/internal/grpc/server.go:31.94,37.2 1 1
github.com/j33pguy/magi/internal/grpc/server.go:39.93,41.2 1 1
github.com/j33pguy/magi/internal/grpc/server.go:43.103,44.23 1 1
github.com/j33pguy/magi/internal/grpc/server.go:44.23,46.3 1 1
github.com/j33pguy/magi/internal/grpc/server.go:48.2,49.19 2 1
github.com/j33pguy/magi/internal/grpc/server.go:49.19,51.3 1 1
github.com/j33pguy/magi/internal/grpc/server.go:52.2,53.18 2 1
github.com/j33pguy/magi/internal/grpc/server.go:53.18,55.3 1 1
github.com/j33pguy/magi/internal/grpc/server.go:57.2,58.16 2 1
github.com/j33pguy/magi/internal/grpc/server.go:58.16,61.3 2 1
github.com/j33pguy/magi/internal/grpc/server.go:63.2,64.19 2 1
github.com/j33pguy/magi/internal/grpc/server.go:64.19,66.3 1 1
github.com/j33pguy/magi/internal/grpc/server.go:68.2,83.16 3 1
github.com/j33pguy/magi/internal/grpc/server.go:83.16,86.3 2 1
github.com/j33pguy/magi/internal/grpc/server.go:89.2,90.19 2 1
github.com/j33pguy/magi/internal/grpc/server.go:90.19,92.3 1 1
github.com/j33pguy/magi/internal/grpc/server.go:93.2,93.20 1 1
github.com/j33pguy/magi/internal/grpc/server.go:93.20,95.3 1 1
github.com/j33pguy/magi/internal/grpc/server.go:96.2,96.23 1 1
github.com/j33pguy/magi/internal/grpc/server.go:96.23,98.3 1 1
github.com/j33pguy/magi/internal/grpc/server.go:100.2,101.19 2 1
github.com/j33pguy/magi/internal/grpc/server.go:101.19,102.54 1 1
github.com/j33pguy/magi/internal/grpc/server.go:102.54,105.24 3 1
github.com/j33pguy/magi/internal/grpc/server.go:105.24,107.5 1 1
github.com/j33pguy/magi/internal/grpc/server.go:108.4,108.63 1 1
github.com/j33pguy/magi/internal/grpc/server.go:112.2,112.18 1 1
github.com/j33pguy/magi/internal/grpc/server.go:115.97,116.21 1 1
github.com/j33pguy/magi/internal/grpc/server.go:116.21,118.3 1 1
github.com/j33pguy/magi/internal/grpc/server.go:120.2,121.15 2 1
github.com/j33pguy/magi/internal/grpc/server.go:121.15,123.3 1 1
github.com/j33pguy/magi/internal/grpc/server.go:125.2,126.16 2 1
github.com/j33pguy/magi/internal/grpc/server.go:126.16,128.3 1 1
github.com/j33pguy/magi/internal/grpc/server.go:129.2,130.16 2 1
github.com/j33pguy/magi/internal/grpc/server.go:130.16,132.3 1 1
github.com/j33pguy/magi/internal/grpc/server.go:134.2,148.16 3 1
github.com/j33pguy/magi/internal/grpc/server.go:148.16,151.3 2 1
github.com/j33pguy/magi/internal/grpc/server.go:153.2,158.8 1 1
github.com/j33pguy/magi/internal/grpc/server.go:161.95,162.18 1 1
github.com/j33pguy/magi/internal/grpc/server.go:162.18,164.3 1 1
github.com/j33pguy/magi/internal/grpc/server.go:166.2,166.50 1 1
github.com/j33pguy/magi/internal/grpc/server.go:166.50,168.3 1 1
github.com/j33pguy/magi/internal/grpc/server.go:170.2,170.51 1 1
github.com/j33pguy/magi/internal/grpc/server.go:170.51,173.3 2 1
github.com/j33pguy/magi/internal/grpc/server.go:175.2,175.54 1 1
github.com/j33pguy/magi/internal/grpc/server.go:178.89,180.16 2 1
github.com/j33pguy/magi/internal/grpc/server.go:180.16,182.3 1 1
github.com/j33pguy/magi/internal/grpc/server.go:184.2,185.20 2 1
github.com/j33pguy/magi/internal/grpc/server.go:185.20,187.3 1 1
github.com/j33pguy/magi/internal/grpc/server.go:189.2,190.16 2 1
github.com/j33pguy/magi/internal/grpc/server.go:190.16,192.3 1 1
github.com/j33pguy/magi/internal/grpc/server.go:193.2,194.16 2 1
github.com/j33pguy/magi/internal/grpc/server.go:194.16,196.3 1 1
github.com/j33pguy/magi/internal/grpc/server.go:198.2,213.16 3 1
github.com/j33pguy/magi/internal/grpc/server.go:213.16,216.3 2 1
github.com/j33pguy/magi/internal/grpc/server.go:218.2,218.29 1 1
github.com/j33pguy/magi/internal/grpc/server.go:218.29,220.17 2 1
github.com/j33pguy/magi/internal/grpc/server.go:220.17,222.12 2 1
github.com/j33pguy/magi/internal/grpc/server.go:224.3,224.13 1 1
github.com/j33pguy/magi/internal/grpc/server.go:227.2,227.67 1 1
github.com/j33pguy/magi/internal/grpc/server.go:230.133,231.23 1 1
github.com/j33pguy/magi/internal/grpc/server.go:231.23,233.3 1 1
github.com/j33pguy/magi/internal/grpc/server.go:234.2,234.23 1 1
github.com/j33pguy/magi/internal/grpc/server.go:234.23,236.3 1 1
github.com/j33pguy/magi/internal/grpc/server.go:238.2,241.16 3 1
github.com/j33pguy/magi/internal/grpc/server.go:241.16,244.3 2 1
github.com/j33pguy/magi/internal/grpc/server.go:246.2,257.16 3 1
github.com/j33pguy/magi/internal/grpc/server.go:257.16,260.3 2 1
github.com/j33pguy/magi/internal/grpc/server.go:262.2,263.35 2 1
github.com/j33pguy/magi/internal/grpc/server.go:263.35,265.3 1 1
github.com/j33pguy/magi/internal/grpc/server.go:267.2,268.53 2 1
github.com/j33pguy/magi/internal/grpc/server.go:268.53,271.23 3 1
github.com/j33pguy/magi/internal/grpc/server.go:271.23,273.4 1 1
github.com/j33pguy/magi/internal/grpc/server.go:274.3,274.62 1 1
github.com/j33pguy/magi/internal/grpc/server.go:277.2,277.18 1 1
github.com/j33pguy/magi/internal/grpc/server.go:280.136,281.21 1 1
github.com/j33pguy/magi/internal/grpc/server.go:281.21,283.3 1 1
github.com/j33pguy/magi/internal/grpc/server.go:285.2,286.16 2 1
github.com/j33pguy/magi/internal/grpc/server.go:286.16,288.3 1 1
github.com/j33pguy/magi/internal/grpc/server.go:290.2,291.23 2 1
github.com/j33pguy/magi/internal/grpc/server.go:291.23,293.3 1 1
github.com/j33pguy/magi/internal/grpc/server.go:295.2,302.16 3 1
github.com/j33pguy/magi/internal/grpc/server.go:302.16,305.3 2 1
github.com/j33pguy/magi/internal/grpc/server.go:307.2,312.8 1 1
github.com/j33pguy/magi/internal/grpc/server.go:317.45,337.2 1 1
github.com/j33pguy/magi/internal/grpc/server.go:339.58,341.29 2 1
github.com/j33pguy/magi/internal/grpc/server.go:341.29,343.3 1 1
github.com/j33pguy/magi/internal/grpc/server.go:344.2,344.12 1 1
github.com/j33pguy/magi/internal/grpc/server.go:347.74,349.28 2 1
github.com/j33pguy/magi/internal/grpc/server.go:349.28,360.3 1 1
github.com/j33pguy/magi/internal/grpc/server.go:361.2,361.12 1 1
github.com/j33pguy/magi/internal/grpc/server.go:364.74,368.26 3 1
github.com/j33pguy/magi/internal/grpc/server.go:368.26,370.3 1 1
github.com/j33pguy/magi/internal/grpc/server.go:371.2,373.46 2 1
github.com/j33pguy/magi/internal/grpc/server.go:373.46,375.3 1 1
github.com/j33pguy/magi/internal/grpc/server.go:376.2,376.23 1 1
github.com/j33pguy/magi/internal/grpc/server.go:376.23,378.3 1 1
github.com/j33pguy/magi/internal/grpc/server.go:380.2,380.25 1 1
github.com/j33pguy/magi/internal/grpc/server.go:380.25,382.3 1 1
github.com/j33pguy/magi/internal/grpc/server.go:384.2,387.28 3 1
github.com/j33pguy/magi/internal/grpc/server.go:387.28,389.35 2 1
github.com/j33pguy/magi/internal/grpc/server.go:389.35,391.4 1 1
github.com/j33pguy/magi/internal/grpc/server.go:394.2,394.30 1 1
github.com/j33pguy/magi/internal/grpc/server.go:394.30,396.37 2 1
github.com/j33pguy/magi/internal/grpc/server.go:396.37,398.4 1 1
github.com/j33pguy/magi/internal/grpc/server.go:401.2,401.19 1 1
github.com/j33pguy/magi/internal/ingest/dedup.go:29.131,30.31 1 1
github.com/j33pguy/magi/internal/ingest/dedup.go:30.31,33.17 3 1
github.com/j33pguy/magi/internal/ingest/dedup.go:33.17,36.12 3 1
github.com/j33pguy/magi/internal/ingest/dedup.go:38.3,38.23 1 1
github.com/j33pguy/magi/internal/ingest/dedup.go:38.23,40.12 2 1
github.com/j33pguy/magi/internal/ingest/dedup.go:42.3,42.25 1 1
github.com/j33pguy/magi/internal/ingest/dedup.go:44.2,44.27 1 1
github.com/j33pguy/magi/internal/ingest/extractor.go:19.66,20.41 1 1
github.com/j33pguy/magi/internal/ingest/extractor.go:20.41,22.3 1 1
github.com/j33pguy/magi/internal/ingest/extractor.go:24.2,26.34 2 1
github.com/j33pguy/magi/internal/ingest/extractor.go:26.34,28.20 2 1
github.com/j33pguy/magi/internal/ingest/extractor.go:28.20,29.12 1 1
github.com/j33pguy/magi/internal/ingest/extractor.go:32.3,35.31 2 1
github.com/j33pguy/magi/internal/ingest/extractor.go:35.31,44.12 2 1
github.com/j33pguy/magi/internal/ingest/extractor.go:47.3,47.29 1 1
github.com/j33pguy/magi/internal/ingest/extractor.go:47.29,56.12 2 1
github.com/j33pguy/magi/internal/ingest/extractor.go:59.3,59.33 1 1
github.com/j33pguy/magi/internal/ingest/extractor.go:59.33,68.12 2 1
github.com/j33pguy/magi/internal/ingest/extractor.go:72.3,72.12 1 1
github.com/j33pguy/magi/internal/ingest/extractor.go:72.12,81.12 2 1
github.com/j33pguy/magi/internal/ingest/extractor.go:85.3,85.25 1 1
github.com/j33pguy/magi/internal/ingest/extractor.go:85.25,94.4 1 1
github.com/j33pguy/magi/internal/ingest/extractor.go:97.2,97.17 1 1
github.com/j33pguy/magi/internal/ingest/extractor.go:104.43,106.2 1 1
github.com/j33pguy/magi/internal/ingest/extractor.go:110.41,112.2 1 1
github.com/j33pguy/magi/internal/ingest/extractor.go:116.45,118.2 1 1
github.com/j33pguy/magi/internal/ingest/extractor.go:122.39,125.18 2 1
github.com/j33pguy/magi/internal/ingest/extractor.go:125.18,127.3 1 1
github.com/j33pguy/magi/internal/ingest/extractor.go:128.2,128.10 1 1
github.com/j33pguy/magi/internal/ingest/extractor.go:131.45,132.20 1 1
github.com/j33pguy/magi/internal/ingest/extractor.go:132.20,134.3 1 1
github.com/j33pguy/magi/internal/ingest/extractor.go:135.2,135.16 1 1
github.com/j33pguy/magi/internal/ingest/extractor.go:136.14,137.16 1 1
github.com/j33pguy/magi/internal/ingest/extractor.go:138.17,139.19 1 1
github.com/j33pguy/magi/internal/ingest/extractor.go:140.10,141.21 1 1
github.com/j33pguy/magi/internal/ingest/extractor.go:145.49,151.2 1 1
github.com/j33pguy/magi/internal/ingest/formats.go:43.33,45.23 2 1
github.com/j33pguy/magi/internal/ingest/formats.go:45.23,47.3 1 1
github.com/j33pguy/magi/internal/ingest/formats.go:50.2,50.44 1 1
github.com/j33pguy/magi/internal/ingest/formats.go:50.44,51.25 1 1
github.com/j33pguy/magi/internal/ingest/formats.go:51.25,53.4 1 1
github.com/j33pguy/magi/internal/ingest/formats.go:54.3,54.28 1 1
github.com/j33pguy/magi/internal/ingest/formats.go:54.28,56.4 1 1
github.com/j33pguy/magi/internal/ingest/formats.go:60.2,60.47 1 1
github.com/j33pguy/magi/internal/ingest/formats.go:60.47,62.3 1 1
github.com/j33pguy/magi/internal/ingest/formats.go:65.2,65.37 1 1
github.com/j33pguy/magi/internal/ingest/formats.go:65.37,67.3 1 1
github.com/j33pguy/magi/internal/ingest/formats.go:69.2,69.22 1 1
github.com/j33pguy/magi/internal/ingest/formats.go:75.54,76.30 1 1
github.com/j33pguy/magi/internal/ingest/formats.go:76.30,78.3 1 1
github.com/j33pguy/magi/internal/ingest/formats.go:80.2,81.16 2 1
github.com/j33pguy/magi/internal/ingest/formats.go:82.18,83.25 1 1
github.com/j33pguy/magi/internal/ingest/formats.go:84.21,85.28 1 1
github.com/j33pguy/magi/internal/ingest/formats.go:86.23,87.30 1 1
github.com/j33pguy/magi/internal/ingest/formats.go:88.22,89.29 1 1
github.com/j33pguy/magi/internal/ingest/formats.go:90.10,91.48 1 1
github.com/j33pguy/magi/internal/ingest/formats.go:119.37,122.56 2 1
github.com/j33pguy/magi/internal/ingest/formats.go:122.56,124.3 1 1
github.com/j33pguy/magi/internal/ingest/formats.go:126.2,134.43 2 1
github.com/j33pguy/magi/internal/ingest/formats.go:134.43,136.3 1 1
github.com/j33pguy/magi/internal/ingest/formats.go:137.2,137.95 1 1
github.com/j33pguy/magi/internal/ingest/formats.go:140.58,142.54 2 1
github.com/j33pguy/magi/internal/ingest/formats.go:142.54,144.3 1 1
github.com/j33pguy/magi/internal/ingest/formats.go:146.2,151.27 2 1
github.com/j33pguy/magi/internal/ingest/formats.go:151.27,152.23 1 1
github.com/j33pguy/magi/internal/ingest/formats.go:152.23,154.4 1 1
github.com/j33pguy/magi/internal/ingest/formats.go:155.3,155.29 1 1
github.com/j33pguy/magi/internal/ingest/formats.go:155.29,159.21 4 1
github.com/j33pguy/magi/internal/ingest/formats.go:159.21,160.13 1 1
github.com/j33pguy/magi/internal/ingest/formats.go:162.4,162.71 1 1
github.com/j33pguy/magi/internal/ingest/formats.go:166.2,166.18 1 1
github.com/j33pguy/magi/internal/ingest/formats.go:199.40,201.56 2 1
github.com/j33pguy/magi/internal/ingest/formats.go:201.56,203.3 1 1
github.com/j33pguy/magi/internal/ingest/formats.go:204.2,207.43 2 1
github.com/j33pguy/magi/internal/ingest/formats.go:207.43,209.3 1 1
github.com/j33pguy/magi/internal/ingest/formats.go:210.2,210.31 1 1
github.com/j33pguy/magi/internal/ingest/formats.go:213.61,215.54 2 1
github.com/j33pguy/magi/internal/ingest/formats.go:215.54,217.3 1 1
github.com/j33pguy/magi/internal/ingest/formats.go:219.2,224.27 2 1
github.com/j33pguy/magi/internal/ingest/formats.go:224.27,225.23 1 1
github.com/j33pguy/magi/internal/ingest/formats.go:225.23,227.4 1 1
github.com/j33pguy/magi/internal/ingest/formats.go:228.3,229.44 2 1
github.com/j33pguy/magi/internal/ingest/formats.go:232.2,232.18 1 1
github.com/j33pguy/magi/internal/ingest/formats.go:236.74,239.32 2 1
github.com/j33pguy/magi/internal/ingest/formats.go:239.32,240.24 1 1
github.com/j33pguy/magi/internal/ingest/formats.go:240.24,242.9 2 1
github.com/j33pguy/magi/internal/ingest/formats.go:245.2,245.18 1 1
github.com/j33pguy/magi/internal/ingest/formats.go:245.18,247.3 1 1
github.com/j33pguy/magi/internal/ingest/formats.go:249.2,251.25 3 1
github.com/j33pguy/magi/internal/ingest/formats.go:251.25,253.10 2 1
github.com/j33pguy/magi/internal/ingest/formats.go:253.10,255.4 1 1
github.com/j33pguy/magi/internal/ingest/formats.go:256.3,256.26 1 1
github.com/j33pguy/magi/internal/ingest/formats.go:256.26,258.45 2 1
github.com/j33pguy/magi/internal/ingest/formats.go:258.45,261.22 3 1
github.com/j33pguy/magi/internal/ingest/formats.go:261.22,263.6 1 1
github.com/j33pguy/magi/internal/ingest/formats.go:266.3,266.41 1 1
github.com/j33pguy/magi/internal/ingest/formats.go:266.41,268.4 1 1
github.com/j33pguy/magi/internal/ingest/formats.go:270.2,271.14 2 1
github.com/j33pguy/magi/internal/ingest/formats.go:274.46,276.26 2 1
github.com/j33pguy/magi/internal/ingest/formats.go:276.26,277.24 1 1
github.com/j33pguy/magi/internal/ingest/formats.go:278.15,279.28 1 1
github.com/j33pguy/magi/internal/ingest/formats.go:280.23,280.23 0 1
github.com/j33pguy/magi/internal/ingest/formats.go:284.2,284.34 1 1
github.com/j33pguy/magi/internal/ingest/formats.go:289.63,299.18 5 1
github.com/j33pguy/magi/internal/ingest/formats.go:299.18,300.24 1 1
github.com/j33pguy/magi/internal/ingest/formats.go:300.24,302.21 2 1
github.com/j33pguy/magi/internal/ingest/formats.go:302.21,304.5 1 1
github.com/j33pguy/magi/internal/ingest/formats.go:306.3,306.25 1 1
github.com/j33pguy/magi/internal/ingest/formats.go:309.2,309.29 1 1
github.com/j33pguy/magi/internal/ingest/formats.go:309.29,310.45 1 1
github.com/j33pguy/magi/internal/ingest/formats.go:310.45,316.18 5 1
github.com/j33pguy/magi/internal/ingest/formats.go:316.18,318.5 1 1
github.com/j33pguy/magi/internal/ingest/formats.go:319.9,320.25 1 1
github.com/j33pguy/magi/internal/ingest/formats.go:320.25,321.33 1 1
github.com/j33pguy/magi/internal/ingest/formats.go:321.33,323.6 1 1
github.com/j33pguy/magi/internal/ingest/formats.go:324.5,324.37 1 1
github.com/j33pguy/magi/internal/ingest/formats.go:328.2,330.18 2 1
github.com/j33pguy/magi/internal/ingest/formats.go:333.45,335.53 2 1
github.com/j33pguy/magi/internal/ingest/formats.go:335.53,336.41 1 1
github.com/j33pguy/magi/internal/ingest/formats.go:336.41,338.4 1 1
github.com/j33pguy/magi/internal/ingest/formats.go:340.2,340.46 1 1
github.com/j33pguy/magi/internal/ingest/formats.go:340.46,342.3 1 1
github.com/j33pguy/magi/internal/ingest/formats.go:343.2,343.11 1 1
github.com/j33pguy/magi/internal/ingest/formats.go:348.62,356.19 3 1
github.com/j33pguy/magi/internal/ingest/formats.go:356.19,358.3 1 1
github.com/j33pguy/magi/internal/ingest/formats.go:360.2,360.18 1 1
github.com/j33pguy/magi/internal/ingest/formats.go:365.40,366.31 1 1
github.com/j33pguy/magi/internal/ingest/formats.go:367.23,368.16 1 1
github.com/j33pguy/magi/internal/ingest/formats.go:369.54,370.21 1 1
github.com/j33pguy/magi/internal/ingest/formats.go:371.16,372.18 1 1
github.com/j33pguy/magi/internal/ingest/formats.go:373.10,374.14 1 1
github.com/j33pguy/magi/internal/ingest/hash.go:11.41,14.2 2 1
github.com/j33pguy/magi/internal/migrate/markdown.go:34.38,43.2 1 1
github.com/j33pguy/magi/internal/migrate/markdown.go:46.98,48.16 2 1
github.com/j33pguy/magi/internal/migrate/markdown.go:48.16,50.3 1 0
github.com/j33pguy/magi/internal/migrate/markdown.go:52.2,52.35 1 1
github.com/j33pguy/magi/internal/migrate/markdown.go:52.35,54.96 1 1
github.com/j33pguy/magi/internal/migrate/markdown.go:54.96,56.4 1 1
github.com/j33pguy/magi/internal/migrate/markdown.go:58.3,61.66 2 1
github.com/j33pguy/magi/internal/migrate/markdown.go:61.66,63.4 1 1
github.com/j33pguy/magi/internal/migrate/markdown.go:65.3,65.50 1 1
github.com/j33pguy/magi/internal/migrate/markdown.go:65.50,67.12 2 1
github.com/j33pguy/magi/internal/migrate/markdown.go:70.3,70.59 1 1
github.com/j33pguy/magi/internal/migrate/markdown.go:70.59,72.4 1 1
github.com/j33pguy/magi/internal/migrate/markdown.go:75.2,75.12 1 1
github.com/j33pguy/magi/internal/migrate/markdown.go:78.101,80.16 2 1
github.com/j33pguy/magi/internal/migrate/markdown.go:80.16,82.3 1 1
github.com/j33pguy/magi/internal/migrate/markdown.go:84.2,98.31 6 1
github.com/j33pguy/magi/internal/migrate/markdown.go:98.31,100.17 2 1
github.com/j33pguy/magi/internal/migrate/markdown.go:100.17,102.4 1 1
github.com/j33pguy/magi/internal/migrate/markdown.go:104.3,115.40 2 1
github.com/j33pguy/magi/internal/migrate/markdown.go:115.40,117.4 1 1
github.com/j33pguy/magi/internal/migrate/markdown.go:119.3,120.17 2 1
github.com/j33pguy/magi/internal/migrate/markdown.go:120.17,122.4 1 1
github.com/j33pguy/magi/internal/migrate/markdown.go:124.3,124.23 1 1
github.com/j33pguy/magi/internal/migrate/markdown.go:124.23,126.4 1 1
github.com/j33pguy/magi/internal/migrate/markdown.go:129.3,129.28 1 1
github.com/j33pguy/magi/internal/migrate/markdown.go:129.28,130.63 1 1
github.com/j33pguy/magi/internal/migrate/markdown.go:130.63,132.5 1 1
github.com/j33pguy/magi/internal/migrate/markdown.go:136.2,136.12 1 1
github.com/j33pguy/magi/internal/migrate/markdown.go:140.46,141.40 1 1
github.com/j33pguy/magi/internal/migrate/markdown.go:141.40,143.3 1 1
github.com/j33pguy/magi/internal/migrate/markdown.go:146.2,148.13 3 1
github.com/j33pguy/magi/internal/migrate/markdown.go:148.13,150.3 1 1
github.com/j33pguy/magi/internal/migrate/markdown.go:152.2,152.40 1 1
github.com/j33pguy/magi/internal/patterns/analyzer.go:37.61,38.24 1 1
github.com/j33pguy/magi/internal/patterns/analyzer.go:38.24,40.3 1 1
github.com/j33pguy/magi/internal/patterns/analyzer.go:42.2,47.17 6 1
github.com/j33pguy/magi/internal/patterns/analyzer.go:76.75,85.29 3 1
github.com/j33pguy/magi/internal/patterns/analyzer.go:85.29,87.35 2 1
github.com/j33pguy/magi/internal/patterns/analyzer.go:87.35,88.39 1 1
github.com/j33pguy/magi/internal/patterns/analyzer.go:88.39,89.30 1 1
github.com/j33pguy/magi/internal/patterns/analyzer.go:89.30,91.6 1 1
github.com/j33pguy/magi/internal/patterns/analyzer.go:92.5,95.43 3 1
github.com/j33pguy/magi/internal/patterns/analyzer.go:95.43,97.6 1 1
github.com/j33pguy/magi/internal/patterns/analyzer.go:98.5,98.42 1 1
github.com/j33pguy/magi/internal/patterns/analyzer.go:98.42,100.6 1 1
github.com/j33pguy/magi/internal/patterns/analyzer.go:105.2,106.30 2 1
github.com/j33pguy/magi/internal/patterns/analyzer.go:106.30,107.27 1 1
github.com/j33pguy/magi/internal/patterns/analyzer.go:107.27,108.12 1 1
github.com/j33pguy/magi/internal/patterns/analyzer.go:112.3,112.52 1 1
github.com/j33pguy/magi/internal/patterns/analyzer.go:112.52,120.4 1 1
github.com/j33pguy/magi/internal/patterns/analyzer.go:120.9,120.30 1 1
github.com/j33pguy/magi/internal/patterns/analyzer.go:120.30,128.4 1 1
github.com/j33pguy/magi/internal/patterns/analyzer.go:128.9,138.4 2 1
github.com/j33pguy/magi/internal/patterns/analyzer.go:140.2,140.17 1 1
github.com/j33pguy/magi/internal/patterns/analyzer.go:150.76,158.29 6 1
github.com/j33pguy/magi/internal/patterns/analyzer.go:158.29,164.33 5 1
github.com/j33pguy/magi/internal/patterns/analyzer.go:164.33,167.4 2 1
github.com/j33pguy/magi/internal/patterns/analyzer.go:168.3,168.18 1 1
github.com/j33pguy/magi/internal/patterns/analyzer.go:168.18,171.4 2 1
github.com/j33pguy/magi/internal/patterns/analyzer.go:172.3,172.21 1 1
github.com/j33pguy/magi/internal/patterns/analyzer.go:172.21,175.4 2 1
github.com/j33pguy/magi/internal/patterns/analyzer.go:178.2,178.33 1 1
github.com/j33pguy/magi/internal/patterns/analyzer.go:178.33,186.3 1 1
github.com/j33pguy/magi/internal/patterns/analyzer.go:188.2,188.27 1 1
github.com/j33pguy/magi/internal/patterns/analyzer.go:188.27,196.3 1 1
github.com/j33pguy/magi/internal/patterns/analyzer.go:198.2,198.24 1 1
github.com/j33pguy/magi/internal/patterns/analyzer.go:198.24,200.30 2 1
github.com/j33pguy/magi/internal/patterns/analyzer.go:200.30,201.46 1 1
github.com/j33pguy/magi/internal/patterns/analyzer.go:201.46,203.5 1 1
github.com/j33pguy/magi/internal/patterns/analyzer.go:205.3,206.18 2 1
github.com/j33pguy/magi/internal/patterns/analyzer.go:206.18,214.4 1 1
github.com/j33pguy/magi/internal/patterns/analyzer.go:217.2,217.17 1 1
github.com/j33pguy/magi/internal/patterns/analyzer.go:222.78,230.29 5 1
github.com/j33pguy/magi/internal/patterns/analyzer.go:230.29,232.17 2 1
github.com/j33pguy/magi/internal/patterns/analyzer.go:232.17,233.12 1 1
github.com/j33pguy/magi/internal/patterns/analyzer.go:236.3,238.65 2 1
github.com/j33pguy/magi/internal/patterns/analyzer.go:238.65,239.20 1 1
github.com/j33pguy/magi/internal/patterns/analyzer.go:239.20,241.5 1 1
github.com/j33pguy/magi/internal/patterns/analyzer.go:242.9,243.20 1 1
github.com/j33pguy/magi/internal/patterns/analyzer.go:243.20,245.5 1 1
github.com/j33pguy/magi/internal/patterns/analyzer.go:250.2,250.46 1 1
github.com/j33pguy/magi/internal/patterns/analyzer.go:250.46,255.57 4 1
github.com/j33pguy/magi/internal/patterns/analyzer.go:255.57,257.31 2 1
github.com/j33pguy/magi/internal/patterns/analyzer.go:257.31,258.23 1 1
github.com/j33pguy/magi/internal/patterns/analyzer.go:258.23,260.84 2 1
github.com/j33pguy/magi/internal/patterns/analyzer.go:260.84,262.7 1 1
github.com/j33pguy/magi/internal/patterns/analyzer.go:265.4,271.6 1 1
github.com/j33pguy/magi/internal/patterns/analyzer.go:276.2,276.59 1 1
github.com/j33pguy/magi/internal/patterns/analyzer.go:276.59,279.32 3 1
github.com/j33pguy/magi/internal/patterns/analyzer.go:279.32,280.21 1 1
github.com/j33pguy/magi/internal/patterns/analyzer.go:280.21,283.5 2 1
github.com/j33pguy/magi/internal/patterns/analyzer.go:285.3,285.21 1 1
github.com/j33pguy/magi/internal/patterns/analyzer.go:285.21,288.31 3 1
github.com/j33pguy/magi/internal/patterns/analyzer.go:288.31,290.43 2 1
github.com/j33pguy/magi/internal/patterns/analyzer.go:290.43,292.6 1 1
github.com/j33pguy/magi/internal/patterns/analyzer.go:294.4,300.6 1 1
github.com/j33pguy/magi/internal/patterns/analyzer.go:304.2,304.17 1 1
github.com/j33pguy/magi/internal/patterns/analyzer.go:309.70,310.23 1 1
github.com/j33pguy/magi/internal/patterns/analyzer.go:310.23,312.3 1 1
github.com/j33pguy/magi/internal/patterns/analyzer.go:314.2,318.29 4 1
github.com/j33pguy/magi/internal/patterns/analyzer.go:318.29,321.23 3 1
github.com/j33pguy/magi/internal/patterns/analyzer.go:321.23,323.4 1 1
github.com/j33pguy/magi/internal/patterns/analyzer.go:326.2,330.35 3 1
github.com/j33pguy/magi/internal/patterns/analyzer.go:330.35,332.30 2 1
github.com/j33pguy/magi/internal/patterns/analyzer.go:332.30,333.28 1 1
github.com/j33pguy/magi/internal/patterns/analyzer.go:333.28,335.28 2 1
github.com/j33pguy/magi/internal/patterns/analyzer.go:335.28,336.11 1 1
github.com/j33pguy/magi/internal/patterns/analyzer.go:340.3,346.5 1 1
github.com/j33pguy/magi/internal/patterns/analyzer.go:347.8,347.25 1 1
github.com/j33pguy/magi/internal/patterns/analyzer.go:347.25,349.30 2 1
github.com/j33pguy/magi/internal/patterns/analyzer.go:349.30,350.28 1 1
github.com/j33pguy/magi/internal/patterns/analyzer.go:350.28,352.28 2 1
github.com/j33pguy/magi/internal/patterns/analyzer.go:352.28,353.11 1 1
github.com/j33pguy/magi/internal/patterns/analyzer.go:357.3,363.5 1 1
github.com/j33pguy/magi/internal/patterns/analyzer.go:367.2,368.29 2 1
github.com/j33pguy/magi/internal/patterns/analyzer.go:368.29,369.39 1 1
github.com/j33pguy/magi/internal/patterns/analyzer.go:369.39,371.4 1 1
github.com/j33pguy/magi/internal/patterns/analyzer.go:373.2,374.45 2 1
github.com/j33pguy/magi/internal/patterns/analyzer.go:374.45,382.3 1 1
github.com/j33pguy/magi/internal/patterns/analyzer.go:384.2,384.17 1 1
github.com/j33pguy/magi/internal/patterns/analyzer.go:389.45,390.63 1 1
github.com/j33pguy/magi/internal/patterns/analyzer.go:390.63,391.50 1 1
github.com/j33pguy/magi/internal/patterns/analyzer.go:391.50,393.4 1 1
github.com/j33pguy/magi/internal/patterns/analyzer.go:395.2,395.60 1 1
github.com/j33pguy/magi/internal/patterns/analyzer.go:398.41,399.13 1 1
github.com/j33pguy/magi/internal/patterns/analyzer.go:399.13,401.3 1 1
github.com/j33pguy/magi/internal/patterns/analyzer.go:402.2,402.14 1 1
github.com/j33pguy/magi/internal/patterns/analyzer.go:402.14,404.3 1 1
github.com/j33pguy/magi/internal/patterns/analyzer.go:405.2,405.10 1 1
github.com/j33pguy/magi/internal/patterns/analyzer.go:408.39,411.25 3 1
github.com/j33pguy/magi/internal/patterns/analyzer.go:411.25,412.16 1 1
github.com/j33pguy/magi/internal/patterns/analyzer.go:412.16,415.4 2 1
github.com/j33pguy/magi/internal/patterns/analyzer.go:417.2,417.12 1 1
github.com/j33pguy/magi/internal/patterns/analyzer.go:420.35,422.22 2 1
github.com/j33pguy/magi/internal/patterns/analyzer.go:422.22,424.3 1 1
github.com/j33pguy/magi/internal/patterns/analyzer.go:425.2,425.14 1 1
github.com/j33pguy/magi/internal/patterns/store.go:18.152,19.29 1 1
github.com/j33pguy/magi/internal/patterns/store.go:19.29,22.17 2 1
github.com/j33pguy/magi/internal/patterns/store.go:22.17,24.4 1 1
github.com/j33pguy/magi/internal/patterns/store.go:28.3,33.37 3 1
github.com/j33pguy/magi/internal/patterns/store.go:33.37,35.24 2 1
github.com/j33pguy/magi/internal/patterns/store.go:35.24,37.13 2 1
github.com/j33pguy/magi/internal/patterns/store.go:42.3,48.19 2 1
github.com/j33pguy/magi/internal/patterns/store.go:48.19,50.4 1 1
github.com/j33pguy/magi/internal/patterns/store.go:53.3,57.26 3 1
github.com/j33pguy/magi/internal/patterns/store.go:57.26,59.4 1 1
github.com/j33pguy/magi/internal/patterns/store.go:61.3,74.17 3 1
github.com/j33pguy/magi/internal/patterns/store.go:74.17,76.4 1 0
github.com/j33pguy/magi/internal/patterns/store.go:78.3,78.58 1 1
github.com/j33pguy/magi/internal/patterns/store.go:78.58,80.4 1 0
github.com/j33pguy/magi/internal/patterns/store.go:82.3,82.36 1 1
github.com/j33pguy/magi/internal/patterns/store.go:84.2,84.29 1 1
github.com/j33pguy/magi/internal/patterns/store.go:87.43,88.17 1 1
github.com/j33pguy/magi/internal/patterns/store.go:88.17,90.3 1 1
github.com/j33pguy/magi/internal/patterns/store.go:91.2,91.22 1 1
github.com/j33pguy/magi/cmd/import/main.go:18.13,22.16 3 0
github.com/j33pguy/magi/cmd/import/main.go:22.16,25.3 2 0
github.com/j33pguy/magi/cmd/import/main.go:27.2,36.16 5 0
github.com/j33pguy/magi/cmd/import/main.go:36.16,39.3 2 0
github.com/j33pguy/magi/cmd/import/main.go:40.2,42.43 2 0
github.com/j33pguy/magi/cmd/import/main.go:42.43,45.3 2 0
github.com/j33pguy/magi/cmd/import/main.go:48.2,49.16 2 0
github.com/j33pguy/magi/cmd/import/main.go:49.16,52.3 2 0
github.com/j33pguy/magi/cmd/import/main.go:53.2,64.61 4 0
github.com/j33pguy/magi/cmd/import/main.go:64.61,67.3 2 0
github.com/j33pguy/magi/cmd/import/main.go:69.2,69.32 1 0
github.com/j33pguy/magi/cmd/analyze-patterns/main.go:18.13,31.16 7 0
github.com/j33pguy/magi/cmd/analyze-patterns/main.go:31.16,34.3 2 0
github.com/j33pguy/magi/cmd/analyze-patterns/main.go:35.2,37.43 2 0
github.com/j33pguy/magi/cmd/analyze-patterns/main.go:37.43,40.3 2 0
github.com/j33pguy/magi/cmd/analyze-patterns/main.go:43.2,44.16 2 0
github.com/j33pguy/magi/cmd/analyze-patterns/main.go:44.16,47.3 2 0
github.com/j33pguy/magi/cmd/analyze-patterns/main.go:48.2,58.16 4 0
github.com/j33pguy/magi/cmd/analyze-patterns/main.go:58.16,61.3 2 0
github.com/j33pguy/magi/cmd/analyze-patterns/main.go:63.2,70.29 5 0
github.com/j33pguy/magi/cmd/analyze-patterns/main.go:70.29,77.3 1 0
github.com/j33pguy/magi/cmd/analyze-patterns/main.go:80.2,81.16 2 0
github.com/j33pguy/magi/cmd/analyze-patterns/main.go:81.16,84.3 2 0
github.com/j33pguy/magi/cmd/analyze-patterns/main.go:86.2,90.3 1 0
github.com/j33pguy/magi/internal/polarquant/polarquant.go:40.59,43.42 3 1
github.com/j33pguy/magi/internal/polarquant/polarquant.go:43.42,45.3 1 0
github.com/j33pguy/magi/internal/polarquant/polarquant.go:46.2,46.24 1 1
github.com/j33pguy/magi/internal/polarquant/polarquant.go:46.24,47.15 1 1
github.com/j33pguy/magi/internal/polarquant/polarquant.go:47.15,49.4 1 1
github.com/j33pguy/magi/internal/polarquant/polarquant.go:49.9,51.4 1 1
github.com/j33pguy/magi/internal/polarquant/polarquant.go:53.2,57.55 5 1
github.com/j33pguy/magi/internal/polarquant/polarquant.go:63.64,67.25 3 1
github.com/j33pguy/magi/internal/polarquant/polarquant.go:67.25,69.3 1 1
github.com/j33pguy/magi/internal/polarquant/polarquant.go:73.2,73.12 1 1
github.com/j33pguy/magi/internal/polarquant/polarquant.go:79.59,81.12 2 1
github.com/j33pguy/magi/internal/polarquant/polarquant.go:81.12,83.3 1 1
github.com/j33pguy/magi/internal/polarquant/polarquant.go:86.2,87.24 2 1
github.com/j33pguy/magi/internal/polarquant/polarquant.go:87.24,89.3 1 1
github.com/j33pguy/magi/internal/polarquant/polarquant.go:90.2,92.20 2 1
github.com/j33pguy/magi/internal/polarquant/polarquant.go:92.20,94.3 1 1
github.com/j33pguy/magi/internal/polarquant/polarquant.go:98.2,100.27 2 1
github.com/j33pguy/magi/internal/polarquant/polarquant.go:100.27,103.26 2 1
github.com/j33pguy/magi/internal/polarquant/polarquant.go:103.26,105.4 1 1
github.com/j33pguy/magi/internal/polarquant/polarquant.go:106.3,108.28 2 1
github.com/j33pguy/magi/internal/polarquant/polarquant.go:108.28,110.12 2 1
github.com/j33pguy/magi/internal/polarquant/polarquant.go:113.3,116.34 3 1
github.com/j33pguy/magi/internal/polarquant/polarquant.go:120.2,120.28 1 1
github.com/j33pguy/magi/internal/polarquant/polarquant.go:120.28,122.3 1 1
github.com/j33pguy/magi/internal/polarquant/polarquant.go:124.2,124.32 1 1
github.com/j33pguy/magi/internal/polarquant/polarquant.go:129.64,138.31 6 1
github.com/j33pguy/magi/internal/polarquant/polarquant.go:138.31,141.15 2 1
github.com/j33pguy/magi/internal/polarquant/polarquant.go:141.15,143.4 1 1
github.com/j33pguy/magi/internal/polarquant/polarquant.go:146.3,149.21 4 1
github.com/j33pguy/magi/internal/polarquant/polarquant.go:149.21,151.4 1 0
github.com/j33pguy/magi/internal/polarquant/polarquant.go:154.3,155.37 2 1
github.com/j33pguy/magi/internal/polarquant/polarquant.go:155.37,156.24 1 1
github.com/j33pguy/magi/internal/polarquant/polarquant.go:156.24,160.5 3 1
github.com/j33pguy/magi/internal/polarquant/polarquant.go:164.2,164.15 1 1
github.com/j33pguy/magi/internal/polarquant/polarquant.go:168.75,172.31 3 1
github.com/j33pguy/magi/internal/polarquant/polarquant.go:172.31,176.37 3 1
github.com/j33pguy/magi/internal/polarquant/polarquant.go:176.37,179.40 3 1
github.com/j33pguy/magi/internal/polarquant/polarquant.go:179.40,181.5 1 1
github.com/j33pguy/magi/internal/polarquant/polarquant.go:185.3,186.21 2 1
github.com/j33pguy/magi/internal/polarquant/polarquant.go:186.21,188.4 1 1
github.com/j33pguy/magi/internal/polarquant/polarquant.go:189.3,189.65 1 1
github.com/j33pguy/magi/internal/polarquant/polarquant.go:192.2,192.15 1 1
github.com/j33pguy/magi/internal/polarquant/polarquant.go:196.67,201.27 4 1
github.com/j33pguy/magi/internal/polarquant/polarquant.go:201.27,204.3 2 1
github.com/j33pguy/magi/internal/polarquant/polarquant.go:205.2,207.12 2 1
github.com/j33pguy/magi/internal/polarquant/polarquant.go:211.92,227.2 4 1
github.com/j33pguy/magi/internal/polarquant/polarquant.go:230.75,238.32 3 1
github.com/j33pguy/magi/internal/polarquant/polarquant.go:238.32,240.3 1 1
github.com/j33pguy/magi/internal/polarquant/polarquant.go:242.2,242.12 1 1
github.com/j33pguy/magi/internal/polarquant/polarquant.go:246.47,248.19 2 1
github.com/j33pguy/magi/internal/polarquant/polarquant.go:248.19,252.3 3 1
github.com/j33pguy/magi/internal/polarquant/polarquant.go:253.2,253.36 1 1
github.com/j33pguy/magi/internal/polarquant/polarquant.go:253.36,255.3 1 1
github.com/j33pguy/magi/internal/polarquant/polarquant.go:256.2,256.52 1 1
github.com/j33pguy/magi/internal/polarquant/polarquant.go:260.44,262.2 1 1
github.com/j33pguy/magi/internal/polarquant/polarquant.go:265.56,268.2 2 1
github.com/j33pguy/magi/internal/polarquant/store.go:27.55,29.16 2 1
github.com/j33pguy/magi/internal/polarquant/store.go:29.16,31.3 1 0
github.com/j33pguy/magi/internal/polarquant/store.go:32.2,36.8 1 1
github.com/j33pguy/magi/internal/polarquant/store.go:41.66,42.24 1 1
github.com/j33pguy/magi/internal/polarquant/store.go:42.24,44.3 1 1
github.com/j33pguy/magi/internal/polarquant/store.go:46.2,50.21 4 1
github.com/j33pguy/magi/internal/polarquant/store.go:54.69,56.16 2 1
github.com/j33pguy/magi/internal/polarquant/store.go:56.16,58.3 1 1
github.com/j33pguy/magi/internal/polarquant/store.go:60.2,63.40 3 1
github.com/j33pguy/magi/internal/polarquant/store.go:67.59,77.2 3 1
github.com/j33pguy/magi/internal/polarquant/store.go:80.55,82.2 1 1
github.com/j33pguy/magi/internal/polarquant/store.go:85.56,87.49 2 1
github.com/j33pguy/magi/internal/polarquant/store.go:87.49,89.3 1 1
github.com/j33pguy/magi/internal/polarquant/store.go:90.2,90.16 1 1
github.com/j33pguy/magi/internal/polarquant/store.go:95.75,97.16 2 1
github.com/j33pguy/magi/internal/polarquant/store.go:97.16,99.3 1 1
github.com/j33pguy/magi/internal/polarquant/store.go:100.2,101.16 2 1
github.com/j33pguy/magi/internal/polarquant/store.go:101.16,103.3 1 1
github.com/j33pguy/magi/internal/polarquant/store.go:105.2,110.42 5 1
github.com/j33pguy/magi/main.go:18.13,27.16 4 0
github.com/j33pguy/magi/main.go:27.16,30.3 2 0
github.com/j33pguy/magi/main.go:31.2,38.12 4 0
github.com/j33pguy/magi/main.go:38.12,39.39 1 0
github.com/j33pguy/magi/main.go:39.39,42.4 2 0
github.com/j33pguy/magi/main.go:46.2,46.12 1 0
github.com/j33pguy/magi/main.go:46.12,47.42 1 0
github.com/j33pguy/magi/main.go:47.42,50.4 2 0
github.com/j33pguy/magi/main.go:54.2,54.12 1 0
github.com/j33pguy/magi/main.go:54.12,55.38 1 0
github.com/j33pguy/magi/main.go:55.38,57.4 1 0
github.com/j33pguy/magi/main.go:60.2,60.14 1 0
github.com/j33pguy/magi/main.go:60.14,63.13 2 0
github.com/j33pguy/magi/main.go:63.13,64.40 1 0
github.com/j33pguy/magi/main.go:64.40,67.5 2 0
github.com/j33pguy/magi/main.go:69.3,73.45 5 0
github.com/j33pguy/magi/main.go:73.45,75.4 1 0
github.com/j33pguy/magi/main.go:76.3,76.45 1 0
github.com/j33pguy/magi/main.go:76.45,78.4 1 0
github.com/j33pguy/magi/main.go:79.3,79.44 1 0
github.com/j33pguy/magi/main.go:79.44,81.4 1 0
github.com/j33pguy/magi/main.go:82.3,82.9 1 0
github.com/j33pguy/magi/main.go:86.2,86.12 1 0
github.com/j33pguy/magi/main.go:86.12,87.39 1 0
github.com/j33pguy/magi/main.go:87.39,89.4 1 0
github.com/j33pguy/magi/main.go:92.2,92.12 1 0
github.com/j33pguy/magi/main.go:92.12,97.45 5 0
github.com/j33pguy/magi/main.go:97.45,99.4 1 0
github.com/j33pguy/magi/main.go:100.3,100.45 1 0
github.com/j33pguy/magi/main.go:100.45,102.4 1 0
github.com/j33pguy/magi/main.go:103.3,103.44 1 0
github.com/j33pguy/magi/main.go:103.44,105.4 1 0
github.com/j33pguy/magi/main.go:109.2,109.32 1 0
github.com/j33pguy/magi/main.go:109.32,112.3 2 0
github.com/j33pguy/magi/internal/resources/context.go:19.43,26.2 1 1
github.com/j33pguy/magi/internal/resources/context.go:29.104,33.16 3 1
github.com/j33pguy/magi/internal/resources/context.go:33.16,35.3 1 1
github.com/j33pguy/magi/internal/resources/context.go:37.2,37.21 1 1
github.com/j33pguy/magi/internal/resources/context.go:37.21,39.3 1 1
github.com/j33pguy/magi/internal/resources/context.go:41.2,42.16 2 1
github.com/j33pguy/magi/internal/resources/context.go:42.16,44.3 1 1
github.com/j33pguy/magi/internal/resources/context.go:46.2,52.8 1 1
github.com/j33pguy/magi/internal/resources/conversations.go:17.55,24.2 1 1
github.com/j33pguy/magi/internal/resources/conversations.go:27.116,34.16 2 1
github.com/j33pguy/magi/internal/resources/conversations.go:34.16,36.3 1 1
github.com/j33pguy/magi/internal/resources/conversations.go:38.2,38.29 1 1
github.com/j33pguy/magi/internal/resources/conversations.go:38.29,40.17 2 1
github.com/j33pguy/magi/internal/resources/conversations.go:40.17,41.12 1 0
github.com/j33pguy/magi/internal/resources/conversations.go:43.3,43.16 1 1
github.com/j33pguy/magi/internal/resources/conversations.go:46.2,46.21 1 1
github.com/j33pguy/magi/internal/resources/conversations.go:46.21,48.3 1 1
github.com/j33pguy/magi/internal/resources/conversations.go:50.2,51.16 2 1
github.com/j33pguy/magi/internal/resources/conversations.go:51.16,53.3 1 1
github.com/j33pguy/magi/internal/resources/conversations.go:55.2,61.8 1 1
github.com/j33pguy/magi/internal/resources/decisions.go:18.53,25.2 1 1
github.com/j33pguy/magi/internal/resources/decisions.go:28.112,36.16 3 1
github.com/j33pguy/magi/internal/resources/decisions.go:36.16,38.3 1 1
github.com/j33pguy/magi/internal/resources/decisions.go:40.2,41.16 2 1
github.com/j33pguy/magi/internal/resources/decisions.go:41.16,43.3 1 1
github.com/j33pguy/magi/internal/resources/decisions.go:45.2,51.8 1 1
github.com/j33pguy/magi/internal/resources/patterns.go:18.44,25.2 1 1
github.com/j33pguy/magi/internal/resources/patterns.go:28.105,34.16 2 1
github.com/j33pguy/magi/internal/resources/patterns.go:34.16,36.3 1 1
github.com/j33pguy/magi/internal/resources/patterns.go:38.2,38.21 1 1
github.com/j33pguy/magi/internal/resources/patterns.go:38.21,40.3 1 1
github.com/j33pguy/magi/internal/resources/patterns.go:42.2,43.16 2 1
github.com/j33pguy/magi/internal/resources/patterns.go:43.16,45.3 1 1
github.com/j33pguy/magi/internal/resources/patterns.go:47.2,53.8 1 1
github.com/j33pguy/magi/internal/resources/preferences.go:17.47,24.2 1 1
github.com/j33pguy/magi/internal/resources/preferences.go:27.108,32.16 2 1
github.com/j33pguy/magi/internal/resources/preferences.go:32.16,34.3 1 1
github.com/j33pguy/magi/internal/resources/preferences.go:36.2,37.16 2 1
github.com/j33pguy/magi/internal/resources/preferences.go:37.16,39.3 1 1
github.com/j33pguy/magi/internal/resources/preferences.go:41.2,47.8 1 1
github.com/j33pguy/magi/internal/resources/recent.go:16.70,18.2 1 1
github.com/j33pguy/magi/internal/resources/recent.go:26.50,33.2 1 1
github.com/j33pguy/magi/internal/resources/recent.go:36.109,43.16 3 1
github.com/j33pguy/magi/internal/resources/recent.go:43.16,45.3 1 1
github.com/j33pguy/magi/internal/resources/recent.go:47.2,48.16 2 1
github.com/j33pguy/magi/internal/resources/recent.go:48.16,50.3 1 1
github.com/j33pguy/magi/internal/resources/recent.go:52.2,58.8 1 1
github.com/j33pguy/magi/internal/resources/recent.go:61.46,63.2 1 1
github.com/j33pguy/magi/internal/rewrite/rewrite.go:65.33,67.18 2 1
github.com/j33pguy/magi/internal/rewrite/rewrite.go:67.18,69.3 1 1
github.com/j33pguy/magi/internal/rewrite/rewrite.go:71.2,75.40 3 1
github.com/j33pguy/magi/internal/rewrite/rewrite.go:75.40,76.39 1 1
github.com/j33pguy/magi/internal/rewrite/rewrite.go:76.39,77.35 1 1
github.com/j33pguy/magi/internal/rewrite/rewrite.go:77.35,78.37 1 1
github.com/j33pguy/magi/internal/rewrite/rewrite.go:78.37,80.11 2 1
github.com/j33pguy/magi/internal/rewrite/rewrite.go:83.4,85.9 3 1
github.com/j33pguy/magi/internal/rewrite/rewrite.go:90.2,94.33 3 1
github.com/j33pguy/magi/internal/rewrite/rewrite.go:94.33,96.3 1 1
github.com/j33pguy/magi/internal/rewrite/rewrite.go:99.2,101.26 3 1
github.com/j33pguy/magi/internal/rewrite/rewrite.go:101.26,102.63 1 1
github.com/j33pguy/magi/internal/rewrite/rewrite.go:102.63,105.4 2 1
github.com/j33pguy/magi/internal/rewrite/rewrite.go:107.2,107.13 1 1
github.com/j33pguy/magi/internal/rewrite/rewrite.go:107.13,109.3 1 1
github.com/j33pguy/magi/internal/rewrite/rewrite.go:111.2,111.15 1 1
github.com/j33pguy/magi/internal/search/adaptive.go:28.182,30.16 2 1
github.com/j33pguy/magi/internal/search/adaptive.go:30.16,32.3 1 1
github.com/j33pguy/magi/internal/search/adaptive.go:34.2,35.16 2 1
github.com/j33pguy/magi/internal/search/adaptive.go:35.16,37.3 1 0
github.com/j33pguy/magi/internal/search/adaptive.go:39.2,49.24 5 1
github.com/j33pguy/magi/internal/search/adaptive.go:49.24,51.44 2 1
github.com/j33pguy/magi/internal/search/adaptive.go:51.44,53.18 2 1
github.com/j33pguy/magi/internal/search/adaptive.go:53.18,55.5 1 1
github.com/j33pguy/magi/internal/search/adaptive.go:57.4,58.18 2 1
github.com/j33pguy/magi/internal/search/adaptive.go:58.18,60.5 1 1
github.com/j33pguy/magi/internal/search/adaptive.go:62.4,69.21 7 1
github.com/j33pguy/magi/internal/search/adaptive.go:73.2,73.18 1 1
github.com/j33pguy/magi/internal/search/adaptive.go:78.88,79.23 1 1
github.com/j33pguy/magi/internal/search/adaptive.go:79.23,81.3 1 1
github.com/j33pguy/magi/internal/search/adaptive.go:83.2,84.28 2 1
github.com/j33pguy/magi/internal/search/adaptive.go:84.28,85.30 1 1
github.com/j33pguy/magi/internal/search/adaptive.go:85.30,87.4 1 1
github.com/j33pguy/magi/internal/search/adaptive.go:89.2,89.17 1 1
github.com/j33pguy/magi/internal/search/adaptive.go:93.66,94.33 1 1
github.com/j33pguy/magi/internal/search/adaptive.go:94.33,95.35 1 1
github.com/j33pguy/magi/internal/search/adaptive.go:95.35,97.18 2 1
github.com/j33pguy/magi/internal/search/adaptive.go:97.18,100.5 2 1
github.com/j33pguy/magi/internal/search/recency.go:18.75,19.41 1 1
github.com/j33pguy/magi/internal/search/recency.go:19.41,21.3 1 1
github.com/j33pguy/magi/internal/search/recency.go:23.2,25.28 2 1
github.com/j33pguy/magi/internal/search/recency.go:25.28,29.3 3 1
github.com/j33pguy/magi/internal/search/recency.go:32.2,32.36 1 1
github.com/j33pguy/magi/internal/search/recency.go:32.36,33.83 1 1
github.com/j33pguy/magi/internal/search/recency.go:33.83,35.4 1 1
github.com/j33pguy/magi/internal/search/recency.go:41.57,44.16 2 1
github.com/j33pguy/magi/internal/search/recency.go:44.16,46.17 2 1
github.com/j33pguy/magi/internal/search/recency.go:46.17,48.4 1 1
github.com/j33pguy/magi/internal/search/recency.go:50.2,51.11 2 1
github.com/j33pguy/magi/internal/search/recency.go:51.11,53.3 1 1
github.com/j33pguy/magi/internal/search/recency.go:54.2,54.25 1 1
github.com/j33pguy/magi/internal/embeddings/compressed.go:18.91,21.16 3 1
github.com/j33pguy/magi/internal/embeddings/compressed.go:21.16,23.3 1 0
github.com/j33pguy/magi/internal/embeddings/compressed.go:24.2,24.61 1 1
github.com/j33pguy/magi/internal/embeddings/compressed.go:28.89,30.2 1 1
github.com/j33pguy/magi/internal/embeddings/compressed.go:33.99,35.2 1 1
github.com/j33pguy/magi/internal/embeddings/compressed.go:38.47,40.2 1 1
github.com/j33pguy/magi/internal/embeddings/compressed.go:43.127,45.16 2 1
github.com/j33pguy/magi/internal/embeddings/compressed.go:45.16,47.3 1 1
github.com/j33pguy/magi/internal/embeddings/compressed.go:48.2,49.16 2 1
github.com/j33pguy/magi/internal/embeddings/compressed.go:49.16,51.3 1 1
github.com/j33pguy/magi/internal/embeddings/compressed.go:52.2,52.30 1 1
github.com/j33pguy/magi/internal/embeddings/compressed.go:56.73,58.2 1 1
github.com/j33pguy/magi/internal/embeddings/compressed.go:61.72,63.2 1 1
github.com/j33pguy/magi/internal/embeddings/onnx.go:45.66,47.20 2 0
github.com/j33pguy/magi/internal/embeddings/onnx.go:47.20,50.3 2 0
github.com/j33pguy/magi/internal/embeddings/onnx.go:52.2,53.48 2 0
github.com/j33pguy/magi/internal/embeddings/onnx.go:53.48,55.3 1 0
github.com/j33pguy/magi/internal/embeddings/onnx.go:57.2,61.71 3 0
github.com/j33pguy/magi/internal/embeddings/onnx.go:61.71,63.3 1 0
github.com/j33pguy/magi/internal/embeddings/onnx.go:64.2,64.71 1 0
github.com/j33pguy/magi/internal/embeddings/onnx.go:64.71,66.3 1 0
github.com/j33pguy/magi/internal/embeddings/onnx.go:69.2,70.19 2 0
github.com/j33pguy/magi/internal/embeddings/onnx.go:70.19,72.3 1 0
github.com/j33pguy/magi/internal/embeddings/onnx.go:74.2,75.52 2 0
github.com/j33pguy/magi/internal/embeddings/onnx.go:75.52,76.27 1 0
github.com/j33pguy/magi/internal/embeddings/onnx.go:76.27,78.4 1 0
github.com/j33pguy/magi/internal/embeddings/onnx.go:82.2,83.16 2 0
github.com/j33pguy/magi/internal/embeddings/onnx.go:83.16,85.3 1 0
github.com/j33pguy/magi/internal/embeddings/onnx.go:87.2,92.16 4 0
github.com/j33pguy/magi/internal/embeddings/onnx.go:92.16,94.3 1 0
github.com/j33pguy/magi/internal/embeddings/onnx.go:95.2,96.16 2 0
github.com/j33pguy/magi/internal/embeddings/onnx.go:96.16,99.3 2 0
github.com/j33pguy/magi/internal/embeddings/onnx.go:100.2,101.16 2 0
github.com/j33pguy/magi/internal/embeddings/onnx.go:101.16,105.3 3 0
github.com/j33pguy/magi/internal/embeddings/onnx.go:106.2,107.16 2 0
github.com/j33pguy/magi/internal/embeddings/onnx.go:107.16,112.3 4 0
github.com/j33pguy/magi/internal/embeddings/onnx.go:115.2,123.16 2 0
github.com/j33pguy/magi/internal/embeddings/onnx.go:123.16,129.3 5 0
github.com/j33pguy/magi/internal/embeddings/onnx.go:131.2,139.8 1 0
github.com/j33pguy/magi/internal/embeddings/onnx.go:143.81,147.2 3 0
github.com/j33pguy/magi/internal/embeddings/onnx.go:150.91,155.29 4 0
github.com/j33pguy/magi/internal/embeddings/onnx.go:155.29,157.17 2 0
github.com/j33pguy/magi/internal/embeddings/onnx.go:157.17,159.4 1 0
github.com/j33pguy/magi/internal/embeddings/onnx.go:160.3,160.19 1 0
github.com/j33pguy/magi/internal/embeddings/onnx.go:162.2,162.21 1 0
github.com/j33pguy/magi/internal/embeddings/onnx.go:166.68,174.40 5 0
github.com/j33pguy/magi/internal/embeddings/onnx.go:174.40,176.3 1 0
github.com/j33pguy/magi/internal/embeddings/onnx.go:178.2,181.23 4 0
github.com/j33pguy/magi/internal/embeddings/onnx.go:185.41,187.2 1 0
github.com/j33pguy/magi/internal/embeddings/onnx.go:190.34,193.22 3 0
github.com/j33pguy/magi/internal/embeddings/onnx.go:193.22,195.3 1 0
github.com/j33pguy/magi/internal/embeddings/onnx.go:196.2,196.29 1 0
github.com/j33pguy/magi/internal/embeddings/onnx.go:196.29,198.3 1 0
github.com/j33pguy/magi/internal/embeddings/onnx.go:199.2,199.25 1 0
github.com/j33pguy/magi/internal/embeddings/onnx.go:199.25,201.3 1 0
github.com/j33pguy/magi/internal/embeddings/onnx.go:202.2,202.25 1 0
github.com/j33pguy/magi/internal/embeddings/onnx.go:202.25,204.3 1 0
github.com/j33pguy/magi/internal/embeddings/onnx.go:205.2,205.27 1 0
github.com/j33pguy/magi/internal/embeddings/onnx.go:205.27,207.3 1 0
github.com/j33pguy/magi/internal/embeddings/onnx.go:208.2,208.26 1 0
github.com/j33pguy/magi/internal/embeddings/onnx.go:212.75,216.30 3 1
github.com/j33pguy/magi/internal/embeddings/onnx.go:216.30,217.19 1 1
github.com/j33pguy/magi/internal/embeddings/onnx.go:217.19,218.12 1 1
github.com/j33pguy/magi/internal/embeddings/onnx.go:220.3,221.31 2 1
github.com/j33pguy/magi/internal/embeddings/onnx.go:221.31,223.4 1 1
github.com/j33pguy/magi/internal/embeddings/onnx.go:226.2,226.17 1 1
github.com/j33pguy/magi/internal/embeddings/onnx.go:226.17,227.28 1 1
github.com/j33pguy/magi/internal/embeddings/onnx.go:227.28,229.4 1 1
github.com/j33pguy/magi/internal/embeddings/onnx.go:233.2,234.30 2 1
github.com/j33pguy/magi/internal/embeddings/onnx.go:234.30,236.3 1 1
github.com/j33pguy/magi/internal/embeddings/onnx.go:237.2,238.14 2 1
github.com/j33pguy/magi/internal/embeddings/onnx.go:238.14,239.28 1 1
github.com/j33pguy/magi/internal/embeddings/onnx.go:239.28,241.4 1 1
github.com/j33pguy/magi/internal/embeddings/onnx.go:244.2,244.18 1 1
github.com/j33pguy/magi/internal/embeddings/onnx.go:248.34,250.48 1 1
github.com/j33pguy/magi/internal/embeddings/onnx.go:250.48,252.3 1 1
github.com/j33pguy/magi/internal/embeddings/onnx.go:254.2,256.22 2 1
github.com/j33pguy/magi/internal/embeddings/onnx.go:257.16,261.4 1 0
github.com/j33pguy/magi/internal/embeddings/onnx.go:262.15,271.4 1 1
github.com/j33pguy/magi/internal/embeddings/onnx.go:274.2,274.34 1 1
github.com/j33pguy/magi/internal/embeddings/onnx.go:274.34,275.42 1 1
github.com/j33pguy/magi/internal/embeddings/onnx.go:275.42,277.4 1 1
github.com/j33pguy/magi/internal/embeddings/onnx.go:279.2,279.11 1 0
github.com/j33pguy/magi/internal/embeddings/onnx.go:283.69,284.41 1 1
github.com/j33pguy/magi/internal/embeddings/onnx.go:284.41,286.3 1 1
github.com/j33pguy/magi/internal/embeddings/onnx.go:288.2,291.16 3 1
github.com/j33pguy/magi/internal/embeddings/onnx.go:291.16,293.3 1 1
github.com/j33pguy/magi/internal/embeddings/onnx.go:294.2,296.38 2 1
github.com/j33pguy/magi/internal/embeddings/onnx.go:296.38,298.3 1 1
github.com/j33pguy/magi/internal/embeddings/onnx.go:300.2,301.16 2 1
github.com/j33pguy/magi/internal/embeddings/onnx.go:301.16,303.3 1 1
github.com/j33pguy/magi/internal/embeddings/onnx.go:304.2,306.49 2 1
github.com/j33pguy/magi/internal/embeddings/onnx.go:306.49,309.3 2 1
github.com/j33pguy/magi/internal/embeddings/onnx.go:311.2,311.12 1 1
github.com/j33pguy/magi/internal/embeddings/tokenizer.go:23.69,25.16 2 1
github.com/j33pguy/magi/internal/embeddings/tokenizer.go:25.16,27.3 1 1
github.com/j33pguy/magi/internal/embeddings/tokenizer.go:29.2,30.30 2 1
github.com/j33pguy/magi/internal/embeddings/tokenizer.go:30.30,32.3 1 1
github.com/j33pguy/magi/internal/embeddings/tokenizer.go:34.2,46.15 6 1
github.com/j33pguy/magi/internal/embeddings/tokenizer.go:57.59,61.30 2 1
github.com/j33pguy/magi/internal/embeddings/tokenizer.go:61.30,63.3 1 1
github.com/j33pguy/magi/internal/embeddings/tokenizer.go:66.2,72.29 6 1
github.com/j33pguy/magi/internal/embeddings/tokenizer.go:72.29,75.3 2 1
github.com/j33pguy/magi/internal/embeddings/tokenizer.go:76.2,80.46 3 1
github.com/j33pguy/magi/internal/embeddings/tokenizer.go:80.46,82.3 1 1
github.com/j33pguy/magi/internal/embeddings/tokenizer.go:84.2,88.3 1 1
github.com/j33pguy/magi/internal/embeddings/tokenizer.go:92.58,100.29 4 1
github.com/j33pguy/magi/internal/embeddings/tokenizer.go:100.29,103.3 2 1
github.com/j33pguy/magi/internal/embeddings/tokenizer.go:104.2,104.12 1 1
github.com/j33pguy/magi/internal/embeddings/tokenizer.go:108.50,109.32 1 1
github.com/j33pguy/magi/internal/embeddings/tokenizer.go:109.32,111.3 1 1
github.com/j33pguy/magi/internal/embeddings/tokenizer.go:113.2,115.24 3 1
github.com/j33pguy/magi/internal/embeddings/tokenizer.go:115.24,118.19 3 1
github.com/j33pguy/magi/internal/embeddings/tokenizer.go:118.19,120.17 2 1
github.com/j33pguy/magi/internal/embeddings/tokenizer.go:120.17,122.5 1 1
github.com/j33pguy/magi/internal/embeddings/tokenizer.go:123.4,123.37 1 1
github.com/j33pguy/magi/internal/embeddings/tokenizer.go:123.37,127.10 4 1
github.com/j33pguy/magi/internal/embeddings/tokenizer.go:129.4,129.9 1 1
github.com/j33pguy/magi/internal/embeddings/tokenizer.go:131.3,131.13 1 1
github.com/j33pguy/magi/internal/embeddings/tokenizer.go:131.13,134.4 2 1
github.com/j33pguy/magi/internal/embeddings/tokenizer.go:136.2,136.12 1 1
github.com/j33pguy/magi/internal/embeddings/tokenizer.go:140.42,144.25 3 1
github.com/j33pguy/magi/internal/embeddings/tokenizer.go:144.25,145.25 1 1
github.com/j33pguy/magi/internal/embeddings/tokenizer.go:145.25,146.25 1 1
github.com/j33pguy/magi/internal/embeddings/tokenizer.go:146.25,149.5 2 1
github.com/j33pguy/magi/internal/embeddings/tokenizer.go:150.4,150.12 1 1
github.com/j33pguy/magi/internal/embeddings/tokenizer.go:152.3,152.46 1 1
github.com/j33pguy/magi/internal/embeddings/tokenizer.go:152.46,153.25 1 1
github.com/j33pguy/magi/internal/embeddings/tokenizer.go:153.25,156.5 2 1
github.com/j33pguy/magi/internal/embeddings/tokenizer.go:157.4,158.12 2 1
github.com/j33pguy/magi/internal/embeddings/tokenizer.go:160.3,160.23 1 1
github.com/j33pguy/magi/internal/embeddings/tokenizer.go:162.2,162.23 1 1
github.com/j33pguy/magi/internal/embeddings/tokenizer.go:162.23,164.3 1 1
github.com/j33pguy/magi/internal/embeddings/tokenizer.go:165.2,165.15 1 1
github.com/j33pguy/magi/internal/embeddings/tokenizer.go:168.34,172.2 1 1
github.com/j33pguy/magi/internal/embeddings/tokenizer.go:174.53,176.16 2 1
github.com/j33pguy/magi/internal/embeddings/tokenizer.go:176.16,178.3 1 1
github.com/j33pguy/magi/internal/embeddings/tokenizer.go:179.2,184.21 5 1
github.com/j33pguy/magi/internal/embeddings/tokenizer.go:184.21,186.17 2 1
github.com/j33pguy/magi/internal/embeddings/tokenizer.go:186.17,188.12 2 1
github.com/j33pguy/magi/internal/embeddings/tokenizer.go:190.3,191.8 2 1
github.com/j33pguy/magi/internal/embeddings/tokenizer.go:193.2,193.29 1 1
github.com/j33pguy/magi/internal/embeddings/tokenizer.go:196.53,198.9 2 1
github.com/j33pguy/magi/internal/embeddings/tokenizer.go:198.9,199.68 1 1
github.com/j33pguy/magi/internal/embeddings/tokenizer.go:201.2,201.11 1 1
github.com/j33pguy/magi/internal/contradiction/detect.go:35.151,37.20 2 1
github.com/j33pguy/magi/internal/contradiction/detect.go:37.20,39.3 1 1
github.com/j33pguy/magi/internal/contradiction/detect.go:42.2,43.16 2 1
github.com/j33pguy/magi/internal/contradiction/detect.go:43.16,45.3 1 1
github.com/j33pguy/magi/internal/contradiction/detect.go:48.2,51.16 2 1
github.com/j33pguy/magi/internal/contradiction/detect.go:51.16,53.3 1 1
github.com/j33pguy/magi/internal/contradiction/detect.go:54.2,54.19 1 1
github.com/j33pguy/magi/internal/contradiction/detect.go:54.19,56.3 1 1
github.com/j33pguy/magi/internal/contradiction/detect.go:59.2,62.16 3 1
github.com/j33pguy/magi/internal/contradiction/detect.go:62.16,64.3 1 1
github.com/j33pguy/magi/internal/contradiction/detect.go:66.2,67.28 2 1
github.com/j33pguy/magi/internal/contradiction/detect.go:67.28,69.31 1 1
github.com/j33pguy/magi/internal/contradiction/detect.go:69.31,70.12 1 1
github.com/j33pguy/magi/internal/contradiction/detect.go:73.3,76.19 3 1
github.com/j33pguy/magi/internal/contradiction/detect.go:76.19,77.12 1 1
github.com/j33pguy/magi/internal/contradiction/detect.go:80.3,81.20 2 1
github.com/j33pguy/magi/internal/contradiction/detect.go:81.20,83.4 1 1
github.com/j33pguy/magi/internal/contradiction/detect.go:85.3,99.4 2 1
github.com/j33pguy/magi/internal/contradiction/detect.go:102.2,102.24 1 1
github.com/j33pguy/magi/internal/contradiction/detect.go:107.73,115.61 5 1
github.com/j33pguy/magi/internal/contradiction/detect.go:115.61,118.3 2 1
github.com/j33pguy/magi/internal/contradiction/detect.go:121.2,121.59 1 1
github.com/j33pguy/magi/internal/contradiction/detect.go:121.59,124.3 2 1
github.com/j33pguy/magi/internal/contradiction/detect.go:127.2,127.44 1 1
github.com/j33pguy/magi/internal/contradiction/detect.go:127.44,130.3 2 1
github.com/j33pguy/magi/internal/contradiction/detect.go:133.2,133.17 1 1
github.com/j33pguy/magi/internal/contradiction/detect.go:133.17,135.3 1 1
github.com/j33pguy/magi/internal/contradiction/detect.go:137.2,138.18 2 1
github.com/j33pguy/magi/internal/contradiction/detect.go:138.18,140.3 1 1
github.com/j33pguy/magi/internal/contradiction/detect.go:142.2,142.22 1 1
github.com/j33pguy/magi/internal/contradiction/detect.go:147.63,152.41 3 1
github.com/j33pguy/magi/internal/contradiction/detect.go:152.41,153.53 1 1
github.com/j33pguy/magi/internal/contradiction/detect.go:153.53,155.31 1 1
github.com/j33pguy/magi/internal/contradiction/detect.go:155.31,156.37 1 1
github.com/j33pguy/magi/internal/contradiction/detect.go:156.37,157.18 1 1
github.com/j33pguy/magi/internal/contradiction/detect.go:157.18,159.7 1 1
github.com/j33pguy/magi/internal/contradiction/detect.go:165.2,165.10 1 1
github.com/j33pguy/magi/internal/contradiction/detect.go:172.61,175.28 3 1
github.com/j33pguy/magi/internal/contradiction/detect.go:175.28,179.3 3 1
github.com/j33pguy/magi/internal/contradiction/detect.go:180.2,180.14 1 1
github.com/j33pguy/magi/internal/contradiction/detect.go:197.61,198.36 1 1
github.com/j33pguy/magi/internal/contradiction/detect.go:198.36,206.83 6 1
github.com/j33pguy/magi/internal/contradiction/detect.go:206.83,208.4 1 1
github.com/j33pguy/magi/internal/contradiction/detect.go:210.2,210.10 1 1
github.com/j33pguy/magi/internal/contradiction/detect.go:216.43,218.9 2 1
github.com/j33pguy/magi/internal/contradiction/detect.go:218.9,221.3 2 1
github.com/j33pguy/magi/internal/contradiction/detect.go:222.2,222.29 1 1
github.com/j33pguy/magi/internal/contradiction/detect.go:237.44,238.41 1 1
github.com/j33pguy/magi/internal/contradiction/detect.go:238.41,239.27 1 1
github.com/j33pguy/magi/internal/contradiction/detect.go:239.27,241.4 1 1
github.com/j33pguy/magi/internal/contradiction/detect.go:243.2,243.10 1 1
github.com/j33pguy/magi/internal/contradiction/detect.go:247.44,248.22 1 1
github.com/j33pguy/magi/internal/contradiction/detect.go:248.22,250.3 1 1
github.com/j33pguy/magi/internal/contradiction/detect.go:251.2,251.29 1 1
github.com/j33pguy/magi/internal/api/conversations.go:35.83,37.61 2 1
github.com/j33pguy/magi/internal/api/conversations.go:37.61,40.3 2 1
github.com/j33pguy/magi/internal/api/conversations.go:42.2,42.23 1 1
github.com/j33pguy/magi/internal/api/conversations.go:42.23,45.3 2 1
github.com/j33pguy/magi/internal/api/conversations.go:46.2,46.23 1 1
github.com/j33pguy/magi/internal/api/conversations.go:46.23,49.3 2 1
github.com/j33pguy/magi/internal/api/conversations.go:51.2,54.16 3 1
github.com/j33pguy/magi/internal/api/conversations.go:54.16,58.3 3 1
github.com/j33pguy/magi/internal/api/conversations.go:60.2,71.16 3 1
github.com/j33pguy/magi/internal/api/conversations.go:71.16,75.3 3 1
github.com/j33pguy/magi/internal/api/conversations.go:77.2,78.35 2 1
github.com/j33pguy/magi/internal/api/conversations.go:78.35,80.3 1 1
github.com/j33pguy/magi/internal/api/conversations.go:82.2,83.53 2 1
github.com/j33pguy/magi/internal/api/conversations.go:83.53,88.3 3 1
github.com/j33pguy/magi/internal/api/conversations.go:89.2,89.40 1 1
github.com/j33pguy/magi/internal/api/conversations.go:92.82,96.16 3 1
github.com/j33pguy/magi/internal/api/conversations.go:96.16,98.3 1 1
github.com/j33pguy/magi/internal/api/conversations.go:100.2,101.48 2 1
github.com/j33pguy/magi/internal/api/conversations.go:101.48,103.3 1 1
github.com/j33pguy/magi/internal/api/conversations.go:105.2,116.20 4 1
github.com/j33pguy/magi/internal/api/conversations.go:116.20,119.17 3 1
github.com/j33pguy/magi/internal/api/conversations.go:119.17,122.4 2 1
github.com/j33pguy/magi/internal/api/conversations.go:124.3,124.27 1 1
github.com/j33pguy/magi/internal/api/conversations.go:127.2,128.16 2 1
github.com/j33pguy/magi/internal/api/conversations.go:128.16,132.3 3 1
github.com/j33pguy/magi/internal/api/conversations.go:134.2,134.29 1 1
github.com/j33pguy/magi/internal/api/conversations.go:134.29,136.17 2 1
github.com/j33pguy/magi/internal/api/conversations.go:136.17,138.12 2 1
github.com/j33pguy/magi/internal/api/conversations.go:140.3,140.16 1 1
github.com/j33pguy/magi/internal/api/conversations.go:144.2,144.25 1 1
github.com/j33pguy/magi/internal/api/conversations.go:144.25,146.30 2 1
github.com/j33pguy/magi/internal/api/conversations.go:146.30,149.65 3 1
github.com/j33pguy/magi/internal/api/conversations.go:149.65,151.19 2 1
github.com/j33pguy/magi/internal/api/conversations.go:151.19,152.11 1 1
github.com/j33pguy/magi/internal/api/conversations.go:155.4,155.18 1 1
github.com/j33pguy/magi/internal/api/conversations.go:155.18,156.13 1 0
github.com/j33pguy/magi/internal/api/conversations.go:158.4,158.60 1 1
github.com/j33pguy/magi/internal/api/conversations.go:158.60,160.5 1 1
github.com/j33pguy/magi/internal/api/conversations.go:162.3,163.28 2 1
github.com/j33pguy/magi/internal/api/conversations.go:163.28,165.4 1 1
github.com/j33pguy/magi/internal/api/conversations.go:168.2,168.39 1 1
github.com/j33pguy/magi/internal/api/conversations.go:171.84,173.61 2 1
github.com/j33pguy/magi/internal/api/conversations.go:173.61,176.3 2 1
github.com/j33pguy/magi/internal/api/conversations.go:178.2,178.21 1 1
github.com/j33pguy/magi/internal/api/conversations.go:178.21,181.3 2 1
github.com/j33pguy/magi/internal/api/conversations.go:183.2,183.20 1 1
github.com/j33pguy/magi/internal/api/conversations.go:183.20,185.3 1 1
github.com/j33pguy/magi/internal/api/conversations.go:187.2,188.23 2 1
github.com/j33pguy/magi/internal/api/conversations.go:188.23,190.3 1 1
github.com/j33pguy/magi/internal/api/conversations.go:192.2,199.16 3 1
github.com/j33pguy/magi/internal/api/conversations.go:199.16,203.3 3 1
github.com/j33pguy/magi/internal/api/conversations.go:205.2,205.35 1 1
github.com/j33pguy/magi/internal/api/conversations.go:208.80,210.14 2 1
github.com/j33pguy/magi/internal/api/conversations.go:210.14,213.3 2 1
github.com/j33pguy/magi/internal/api/conversations.go:215.2,216.16 2 1
github.com/j33pguy/magi/internal/api/conversations.go:216.16,220.3 3 1
github.com/j33pguy/magi/internal/api/conversations.go:222.2,222.35 1 1
github.com/j33pguy/magi/internal/api/conversations.go:222.35,225.3 2 1
github.com/j33pguy/magi/internal/api/conversations.go:227.2,227.37 1 1
github.com/j33pguy/magi/internal/api/conversations.go:230.65,234.26 3 1
github.com/j33pguy/magi/internal/api/conversations.go:234.26,236.3 1 1
github.com/j33pguy/magi/internal/api/conversations.go:237.2,239.46 2 1
github.com/j33pguy/magi/internal/api/conversations.go:239.46,241.3 1 1
github.com/j33pguy/magi/internal/api/conversations.go:242.2,242.23 1 1
github.com/j33pguy/magi/internal/api/conversations.go:242.23,244.3 1 1
github.com/j33pguy/magi/internal/api/conversations.go:246.2,246.25 1 1
github.com/j33pguy/magi/internal/api/conversations.go:246.25,248.3 1 1
github.com/j33pguy/magi/internal/api/conversations.go:250.2,253.28 3 1
github.com/j33pguy/magi/internal/api/conversations.go:253.28,255.35 2 1
github.com/j33pguy/magi/internal/api/conversations.go:255.35,257.4 1 1
github.com/j33pguy/magi/internal/api/conversations.go:260.2,260.30 1 1
github.com/j33pguy/magi/internal/api/conversations.go:260.30,262.37 2 1
github.com/j33pguy/magi/internal/api/conversations.go:262.37,264.4 1 1
github.com/j33pguy/magi/internal/api/conversations.go:267.2,267.19 1 1
github.com/j33pguy/magi/internal/api/health.go:5.71,10.2 1 1
github.com/j33pguy/magi/internal/api/history.go:12.45,14.2 1 1
github.com/j33pguy/magi/internal/api/history.go:16.78,17.22 1 1
github.com/j33pguy/magi/internal/api/history.go:17.22,20.3 2 1
github.com/j33pguy/magi/internal/api/history.go:22.2,23.14 2 1
github.com/j33pguy/magi/internal/api/history.go:23.14,26.3 2 1
github.com/j33pguy/magi/internal/api/history.go:29.2,29.46 1 1
github.com/j33pguy/magi/internal/api/history.go:29.46,32.3 2 1
github.com/j33pguy/magi/internal/api/history.go:34.2,36.16 3 1
github.com/j33pguy/magi/internal/api/history.go:36.16,40.3 3 1
github.com/j33pguy/magi/internal/api/history.go:42.2,45.4 1 1
github.com/j33pguy/magi/internal/api/history.go:48.75,49.22 1 1
github.com/j33pguy/magi/internal/api/history.go:49.22,52.3 2 1
github.com/j33pguy/magi/internal/api/history.go:54.2,55.14 2 1
github.com/j33pguy/magi/internal/api/history.go:55.14,58.3 2 1
github.com/j33pguy/magi/internal/api/history.go:60.2,62.40 3 1
github.com/j33pguy/magi/internal/api/history.go:62.40,65.3 2 1
github.com/j33pguy/magi/internal/api/history.go:67.2,69.16 3 1
github.com/j33pguy/magi/internal/api/history.go:69.16,73.3 3 1
github.com/j33pguy/magi/internal/api/history.go:75.2,82.4 1 1
github.com/j33pguy/magi/internal/api/memories.go:13.77,17.16 3 1
github.com/j33pguy/magi/internal/api/memories.go:17.16,19.3 1 1
github.com/j33pguy/magi/internal/api/memories.go:20.2,23.33 3 1
github.com/j33pguy/magi/internal/api/memories.go:23.33,25.3 1 1
github.com/j33pguy/magi/internal/api/memories.go:27.2,28.16 2 1
github.com/j33pguy/magi/internal/api/memories.go:28.16,31.3 2 1
github.com/j33pguy/magi/internal/api/memories.go:32.2,33.16 2 1
github.com/j33pguy/magi/internal/api/memories.go:33.16,36.3 2 1
github.com/j33pguy/magi/internal/api/memories.go:38.2,53.16 3 1
github.com/j33pguy/magi/internal/api/memories.go:53.16,57.3 3 1
github.com/j33pguy/magi/internal/api/memories.go:60.2,60.29 1 1
github.com/j33pguy/magi/internal/api/memories.go:60.29,62.17 2 1
github.com/j33pguy/magi/internal/api/memories.go:62.17,64.12 2 1
github.com/j33pguy/magi/internal/api/memories.go:66.3,66.16 1 1
github.com/j33pguy/magi/internal/api/memories.go:69.2,69.39 1 1
github.com/j33pguy/magi/internal/api/memories.go:72.77,74.14 2 1
github.com/j33pguy/magi/internal/api/memories.go:74.14,77.3 2 1
github.com/j33pguy/magi/internal/api/memories.go:80.2,80.46 1 1
github.com/j33pguy/magi/internal/api/memories.go:80.46,83.3 2 1
github.com/j33pguy/magi/internal/api/memories.go:85.2,85.47 1 1
github.com/j33pguy/magi/internal/api/memories.go:85.47,89.3 3 1
github.com/j33pguy/magi/internal/api/memories.go:91.2,91.67 1 1
github.com/j33pguy/magi/internal/api/middleware.go:11.70,12.54 1 1
github.com/j33pguy/magi/internal/api/middleware.go:12.54,13.20 1 1
github.com/j33pguy/magi/internal/api/middleware.go:13.20,16.4 2 1
github.com/j33pguy/magi/internal/api/middleware.go:18.3,19.42 2 1
github.com/j33pguy/magi/internal/api/middleware.go:19.42,22.4 2 1
github.com/j33pguy/magi/internal/api/middleware.go:24.3,25.73 2 1
github.com/j33pguy/magi/internal/api/middleware.go:25.73,28.4 2 1
github.com/j33pguy/magi/internal/api/middleware.go:30.3,30.13 1 1
github.com/j33pguy/magi/internal/api/recall.go:29.71,31.61 2 1
github.com/j33pguy/magi/internal/api/recall.go:31.61,34.3 2 1
github.com/j33pguy/magi/internal/api/recall.go:36.2,36.21 1 1
github.com/j33pguy/magi/internal/api/recall.go:36.21,39.3 2 1
github.com/j33pguy/magi/internal/api/recall.go:41.2,41.19 1 1
github.com/j33pguy/magi/internal/api/recall.go:41.19,43.3 1 1
github.com/j33pguy/magi/internal/api/recall.go:45.2,46.16 2 1
github.com/j33pguy/magi/internal/api/recall.go:46.16,49.3 2 1
github.com/j33pguy/magi/internal/api/recall.go:50.2,51.16 2 1
github.com/j33pguy/magi/internal/api/recall.go:51.16,54.3 2 1
github.com/j33pguy/magi/internal/api/recall.go:56.2,70.16 3 1
github.com/j33pguy/magi/internal/api/recall.go:70.16,74.3 3 1
github.com/j33pguy/magi/internal/api/recall.go:76.2,76.35 1 1
github.com/j33pguy/magi/internal/api/remember.go:25.73,27.61 2 1
github.com/j33pguy/magi/internal/api/remember.go:27.61,30.3 2 1
github.com/j33pguy/magi/internal/api/remember.go:32.2,32.23 1 1
github.com/j33pguy/magi/internal/api/remember.go:32.23,35.3 2 1
github.com/j33pguy/magi/internal/api/remember.go:37.2,37.20 1 1
github.com/j33pguy/magi/internal/api/remember.go:37.20,39.3 1 1
github.com/j33pguy/magi/internal/api/remember.go:40.2,40.22 1 1
github.com/j33pguy/magi/internal/api/remember.go:40.22,42.3 1 1
github.com/j33pguy/magi/internal/api/remember.go:44.2,45.16 2 1
github.com/j33pguy/magi/internal/api/remember.go:45.16,49.3 3 1
github.com/j33pguy/magi/internal/api/remember.go:52.2,54.16 3 1
github.com/j33pguy/magi/internal/api/remember.go:54.16,56.3 1 1
github.com/j33pguy/magi/internal/api/remember.go:56.8,56.58 1 1
github.com/j33pguy/magi/internal/api/remember.go:56.58,65.3 3 1
github.com/j33pguy/magi/internal/api/remember.go:67.2,68.19 2 1
github.com/j33pguy/magi/internal/api/remember.go:68.19,70.3 1 1
github.com/j33pguy/magi/internal/api/remember.go:72.2,87.16 3 1
github.com/j33pguy/magi/internal/api/remember.go:87.16,91.3 3 1
github.com/j33pguy/magi/internal/api/remember.go:93.2,94.23 2 1
github.com/j33pguy/magi/internal/api/remember.go:94.23,95.58 1 1
github.com/j33pguy/magi/internal/api/remember.go:95.58,101.4 2 1
github.com/j33pguy/magi/internal/api/remember.go:104.2,105.18 2 1
github.com/j33pguy/magi/internal/api/remember.go:105.18,107.3 1 1
github.com/j33pguy/magi/internal/api/remember.go:108.2,108.40 1 1
github.com/j33pguy/magi/internal/api/response.go:9.58,13.2 3 1
github.com/j33pguy/magi/internal/api/search.go:13.71,17.17 3 1
github.com/j33pguy/magi/internal/api/search.go:17.17,20.3 2 1
github.com/j33pguy/magi/internal/api/search.go:22.2,23.15 2 1
github.com/j33pguy/magi/internal/api/search.go:23.15,25.3 1 1
github.com/j33pguy/magi/internal/api/search.go:27.2,30.33 3 1
github.com/j33pguy/magi/internal/api/search.go:30.33,32.3 1 1
github.com/j33pguy/magi/internal/api/search.go:34.2,35.16 2 1
github.com/j33pguy/magi/internal/api/search.go:35.16,39.3 3 1
github.com/j33pguy/magi/internal/api/search.go:41.2,49.16 3 1
github.com/j33pguy/magi/internal/api/search.go:49.16,53.3 3 1
github.com/j33pguy/magi/internal/api/search.go:55.2,55.33 1 1
github.com/j33pguy/magi/internal/api/search.go:55.33,56.35 1 1
github.com/j33pguy/magi/internal/api/search.go:56.35,58.18 2 1
github.com/j33pguy/magi/internal/api/search.go:58.18,61.5 2 1
github.com/j33pguy/magi/internal/api/search.go:65.2,67.38 2 1
github.com/j33pguy/magi/internal/api/server.go:29.94,38.16 3 1
github.com/j33pguy/magi/internal/api/server.go:38.16,40.3 1 1
github.com/j33pguy/magi/internal/api/server.go:42.2,62.10 15 1
github.com/j33pguy/magi/internal/api/server.go:66.32,67.19 1 1
github.com/j33pguy/magi/internal/api/server.go:67.19,69.3 1 1
github.com/j33pguy/magi/internal/api/server.go:70.2,71.85 2 1
github.com/j33pguy/magi/internal/api/server.go:71.85,73.3 1 1
github.com/j33pguy/magi/internal/api/server.go:74.2,74.12 1 1
github.com/j33pguy/magi/internal/api/server.go:78.54,81.2 2 1
github.com/j33pguy/magi/internal/db/client.go:35.40,37.23 2 1
github.com/j33pguy/magi/internal/db/client.go:37.23,40.3 2 1
github.com/j33pguy/magi/internal/db/client.go:42.2,43.51 2 1
github.com/j33pguy/magi/internal/db/client.go:43.51,44.56 1 1
github.com/j33pguy/magi/internal/db/client.go:44.56,46.4 1 1
github.com/j33pguy/magi/internal/db/client.go:49.2,54.3 1 1
github.com/j33pguy/magi/internal/db/client.go:58.82,60.74 1 1
github.com/j33pguy/magi/internal/db/client.go:60.74,62.3 1 0
github.com/j33pguy/magi/internal/db/client.go:64.2,70.16 2 1
github.com/j33pguy/magi/internal/db/client.go:70.16,72.3 1 1
github.com/j33pguy/magi/internal/db/client.go:74.2,85.34 6 0
github.com/j33pguy/magi/internal/db/client.go:85.34,88.3 2 0
github.com/j33pguy/magi/internal/db/client.go:90.2,94.8 1 0
github.com/j33pguy/magi/internal/db/client.go:99.36,100.24 1 1
github.com/j33pguy/magi/internal/db/client.go:100.24,102.3 1 1
github.com/j33pguy/magi/internal/db/client.go:103.2,104.16 2 0
github.com/j33pguy/magi/internal/db/client.go:104.16,106.3 1 0
github.com/j33pguy/magi/internal/db/client.go:107.2,108.12 2 0
github.com/j33pguy/magi/internal/db/client.go:112.37,113.37 1 1
github.com/j33pguy/magi/internal/db/client.go:113.37,115.3 1 0
github.com/j33pguy/magi/internal/db/client.go:116.2,116.24 1 1
github.com/j33pguy/magi/internal/db/client.go:116.24,117.45 1 0
github.com/j33pguy/magi/internal/db/client.go:117.45,119.4 1 0
github.com/j33pguy/magi/internal/db/client.go:121.2,121.12 1 1
github.com/j33pguy/magi/internal/db/factory.go:26.30,30.23 3 1
github.com/j33pguy/magi/internal/db/factory.go:30.23,32.3 1 1
github.com/j33pguy/magi/internal/db/factory.go:34.2,35.51 2 1
github.com/j33pguy/magi/internal/db/factory.go:35.51,36.56 1 1
github.com/j33pguy/magi/internal/db/factory.go:36.56,38.4 1 1
github.com/j33pguy/magi/internal/db/factory.go:41.2,42.22 2 1
github.com/j33pguy/magi/internal/db/factory.go:42.22,44.3 1 1
github.com/j33pguy/magi/internal/db/factory.go:46.2,53.3 1 1
github.com/j33pguy/magi/internal/db/factory.go:57.66,58.21 1 1
github.com/j33pguy/magi/internal/db/factory.go:59.19,65.13 1 1
github.com/j33pguy/magi/internal/db/factory.go:66.16,68.17 2 1
github.com/j33pguy/magi/internal/db/factory.go:68.17,70.4 1 1
github.com/j33pguy/magi/internal/db/factory.go:71.3,71.28 1 1
github.com/j33pguy/magi/internal/db/factory.go:72.10,73.69 1 1
github.com/j33pguy/magi/internal/db/links.go:22.129,25.10 3 1
github.com/j33pguy/magi/internal/db/links.go:25.10,27.3 1 1
github.com/j33pguy/magi/internal/db/links.go:29.2,35.16 3 1
github.com/j33pguy/magi/internal/db/links.go:35.16,37.3 1 1
github.com/j33pguy/magi/internal/db/links.go:39.2,47.8 1 1
github.com/j33pguy/magi/internal/db/links.go:52.106,56.19 3 1
github.com/j33pguy/magi/internal/db/links.go:57.14,59.25 2 1
github.com/j33pguy/magi/internal/db/links.go:60.12,62.25 2 1
github.com/j33pguy/magi/internal/db/links.go:63.10,65.35 2 1
github.com/j33pguy/magi/internal/db/links.go:68.2,69.16 2 1
github.com/j33pguy/magi/internal/db/links.go:69.16,71.3 1 1
github.com/j33pguy/magi/internal/db/links.go:72.2,74.24 2 1
github.com/j33pguy/magi/internal/db/links.go:78.71,80.16 2 1
github.com/j33pguy/magi/internal/db/links.go:80.16,82.3 1 1
github.com/j33pguy/magi/internal/db/links.go:83.2,84.16 2 1
github.com/j33pguy/magi/internal/db/links.go:84.16,86.3 1 0
github.com/j33pguy/magi/internal/db/links.go:87.2,87.12 1 1
github.com/j33pguy/magi/internal/db/links.go:87.12,89.3 1 1
github.com/j33pguy/magi/internal/db/links.go:90.2,90.12 1 1
github.com/j33pguy/magi/internal/db/links.go:95.101,96.19 1 1
github.com/j33pguy/magi/internal/db/links.go:96.19,98.3 1 1
github.com/j33pguy/magi/internal/db/links.go:100.2,103.65 3 1
github.com/j33pguy/magi/internal/db/links.go:103.65,105.35 2 1
github.com/j33pguy/magi/internal/db/links.go:105.35,107.18 2 1
github.com/j33pguy/magi/internal/db/links.go:107.18,109.5 1 1
github.com/j33pguy/magi/internal/db/links.go:110.4,110.31 1 1
github.com/j33pguy/magi/internal/db/links.go:110.31,112.27 2 1
github.com/j33pguy/magi/internal/db/links.go:112.27,114.6 1 1
github.com/j33pguy/magi/internal/db/links.go:115.5,115.27 1 1
github.com/j33pguy/magi/internal/db/links.go:115.27,118.6 2 1
github.com/j33pguy/magi/internal/db/links.go:121.3,121.26 1 1
github.com/j33pguy/magi/internal/db/links.go:125.2,126.26 2 1
github.com/j33pguy/magi/internal/db/links.go:126.26,127.20 1 1
github.com/j33pguy/magi/internal/db/links.go:127.20,129.4 1 1
github.com/j33pguy/magi/internal/db/links.go:131.2,131.20 1 1
github.com/j33pguy/magi/internal/db/links.go:136.96,155.16 2 1
github.com/j33pguy/magi/internal/db/links.go:155.16,157.3 1 1
github.com/j33pguy/magi/internal/db/links.go:158.2,162.18 4 1
github.com/j33pguy/magi/internal/db/links.go:162.18,171.17 4 1
github.com/j33pguy/magi/internal/db/links.go:171.17,173.4 1 0
github.com/j33pguy/magi/internal/db/links.go:174.3,181.21 8 1
github.com/j33pguy/magi/internal/db/links.go:181.21,183.4 1 0
github.com/j33pguy/magi/internal/db/links.go:184.3,186.33 3 1
github.com/j33pguy/magi/internal/db/links.go:188.2,190.24 2 1
github.com/j33pguy/magi/internal/db/links.go:190.24,192.3 1 1
github.com/j33pguy/magi/internal/db/links.go:195.2,199.16 2 1
github.com/j33pguy/magi/internal/db/links.go:199.16,201.3 1 0
github.com/j33pguy/magi/internal/db/links.go:202.2,205.16 3 1
github.com/j33pguy/magi/internal/db/links.go:205.16,207.3 1 0
github.com/j33pguy/magi/internal/db/links.go:210.2,211.29 2 1
github.com/j33pguy/magi/internal/db/links.go:211.29,212.43 1 1
github.com/j33pguy/magi/internal/db/links.go:212.43,214.4 1 1
github.com/j33pguy/magi/internal/db/links.go:217.2,217.29 1 1
github.com/j33pguy/magi/internal/db/links.go:220.55,222.18 2 1
github.com/j33pguy/magi/internal/db/links.go:222.18,225.110 3 1
github.com/j33pguy/magi/internal/db/links.go:225.110,227.4 1 1
github.com/j33pguy/magi/internal/db/links.go:228.3,229.27 2 1
github.com/j33pguy/magi/internal/db/links.go:231.2,231.19 1 1
github.com/j33pguy/magi/internal/db/memory.go:87.57,92.22 4 1
github.com/j33pguy/magi/internal/db/memory.go:92.22,94.3 1 1
github.com/j33pguy/magi/internal/db/memory.go:96.2,118.16 2 1
github.com/j33pguy/magi/internal/db/memory.go:118.16,120.3 1 1
github.com/j33pguy/magi/internal/db/memory.go:122.2,125.15 4 1
github.com/j33pguy/magi/internal/db/memory.go:129.56,143.16 4 1
github.com/j33pguy/magi/internal/db/memory.go:143.16,145.3 1 1
github.com/j33pguy/magi/internal/db/memory.go:147.2,154.16 7 1
github.com/j33pguy/magi/internal/db/memory.go:154.16,156.3 1 1
github.com/j33pguy/magi/internal/db/memory.go:157.2,159.15 2 1
github.com/j33pguy/magi/internal/db/memory.go:163.48,166.24 2 1
github.com/j33pguy/magi/internal/db/memory.go:166.24,176.3 2 1
github.com/j33pguy/magi/internal/db/memory.go:178.2,185.12 2 1
github.com/j33pguy/magi/internal/db/memory.go:189.49,193.2 3 1
github.com/j33pguy/magi/internal/db/memory.go:196.48,199.2 2 1
github.com/j33pguy/magi/internal/db/memory.go:202.72,211.23 7 1
github.com/j33pguy/magi/internal/db/memory.go:211.23,214.3 2 1
github.com/j33pguy/magi/internal/db/memory.go:215.2,215.26 1 1
github.com/j33pguy/magi/internal/db/memory.go:215.26,217.35 2 1
github.com/j33pguy/magi/internal/db/memory.go:217.35,220.4 2 1
github.com/j33pguy/magi/internal/db/memory.go:221.3,224.5 1 1
[...]
github.com/j33pguy/magi/internal/web/server.go:237.16,240.3 2 1
github.com/j33pguy/magi/internal/web/server.go:242.2,243.13 2 1
github.com/j33pguy/magi/internal/web/server.go:243.13,245.3 1 1
github.com/j33pguy/magi/internal/web/server.go:247.2,254.27 2 1
github.com/j33pguy/magi/internal/web/server.go:257.70,259.2 1 1
github.com/j33pguy/magi/internal/web/server.go:261.70,264.16 3 1
github.com/j33pguy/magi/internal/web/server.go:264.16,267.3 2 1
github.com/j33pguy/magi/internal/web/server.go:269.2,273.27 2 1
github.com/j33pguy/magi/internal/web/server.go:276.67,278.2 1 1
github.com/j33pguy/magi/internal/web/server.go:280.69,282.16 2 1
github.com/j33pguy/magi/internal/web/server.go:282.16,285.3 2 1
github.com/j33pguy/magi/internal/web/server.go:286.2,287.28 2 1
github.com/j33pguy/magi/internal/web/server.go:290.69,292.2 1 1
github.com/j33pguy/magi/internal/web/server.go:296.73,299.16 3 1
github.com/j33pguy/magi/internal/web/server.go:299.16,302.3 2 1
github.com/j33pguy/magi/internal/web/server.go:304.2,305.45 2 1
github.com/j33pguy/magi/internal/web/server.go:310.71,316.16 5 1
github.com/j33pguy/magi/internal/web/server.go:316.16,319.3 2 1
github.com/j33pguy/magi/internal/web/server.go:321.2,322.13 2 1
github.com/j33pguy/magi/internal/web/server.go:322.13,324.3 1 1
github.com/j33pguy/magi/internal/web/server.go:327.2,327.66 1 1
github.com/j33pguy/magi/internal/web/server.go:327.66,331.3 3 1
github.com/j33pguy/magi/internal/web/server.go:333.2,339.41 2 1
github.com/j33pguy/magi/internal/web/server.go:347.69,349.13 2 1
github.com/j33pguy/magi/internal/web/server.go:349.13,350.67 1 1
github.com/j33pguy/magi/internal/web/server.go:350.67,354.4 3 1
github.com/j33pguy/magi/internal/web/server.go:355.3,359.9 2 1
github.com/j33pguy/magi/internal/web/server.go:362.2,363.16 2 1
github.com/j33pguy/magi/internal/web/server.go:363.16,366.3 2 1
github.com/j33pguy/magi/internal/web/server.go:368.2,370.16 3 1
github.com/j33pguy/magi/internal/web/server.go:370.16,373.3 2 1
github.com/j33pguy/magi/internal/web/server.go:375.2,376.28 2 1
github.com/j33pguy/magi/internal/web/server.go:376.28,378.16 2 1
github.com/j33pguy/magi/internal/web/server.go:378.16,380.4 1 0
github.com/j33pguy/magi/internal/web/server.go:381.3,384.5 1 1
github.com/j33pguy/magi/internal/web/server.go:387.2,387.66 1 1
github.com/j33pguy/magi/internal/web/server.go:387.66,391.3 3 1
github.com/j33pguy/magi/internal/web/server.go:393.2,397.44 2 1
github.com/j33pguy/magi/internal/web/server.go:400.75,401.38 1 1
github.com/j33pguy/magi/internal/web/server.go:401.38,404.3 2 1
github.com/j33pguy/magi/internal/web/server.go:406.2,407.19 2 1
github.com/j33pguy/magi/internal/web/server.go:407.19,410.3 2 1
github.com/j33pguy/magi/internal/web/server.go:412.2,421.20 2 1
github.com/j33pguy/magi/internal/web/server.go:421.20,423.3 1 1
github.com/j33pguy/magi/internal/web/server.go:426.2,427.16 2 1
github.com/j33pguy/magi/internal/web/server.go:427.16,430.3 2 1
github.com/j33pguy/magi/internal/web/server.go:431.2,435.16 4 1
github.com/j33pguy/magi/internal/web/server.go:435.16,438.3 2 1
github.com/j33pguy/magi/internal/web/server.go:441.2,442.19 2 1
github.com/j33pguy/magi/internal/web/server.go:442.19,444.49 2 1
github.com/j33pguy/magi/internal/web/server.go:444.49,446.15 2 1
github.com/j33pguy/magi/internal/web/server.go:446.15,448.5 1 1
github.com/j33pguy/magi/internal/web/server.go:450.3,450.20 1 1
github.com/j33pguy/magi/internal/web/server.go:450.20,451.55 1 1
github.com/j33pguy/magi/internal/web/server.go:451.55,453.5 1 1
github.com/j33pguy/magi/internal/web/server.go:457.2,457.45 1 1
github.com/j33pguy/magi/internal/web/server.go:460.75,462.46 2 1
github.com/j33pguy/magi/internal/web/server.go:462.46,465.3 2 1
github.com/j33pguy/magi/internal/web/server.go:467.2,467.30 1 1
github.com/j33pguy/magi/internal/web/server.go:475.78,479.16 3 1
github.com/j33pguy/magi/internal/web/server.go:479.16,482.3 2 1
github.com/j33pguy/magi/internal/web/server.go:485.2,487.26 3 1
github.com/j33pguy/magi/internal/web/server.go:487.26,489.23 2 1
github.com/j33pguy/magi/internal/web/server.go:489.23,491.4 1 1
github.com/j33pguy/magi/internal/web/server.go:492.3,492.24 1 1
github.com/j33pguy/magi/internal/web/server.go:492.24,495.4 2 1
github.com/j33pguy/magi/internal/web/server.go:498.2,499.34 2 1
github.com/j33pguy/magi/internal/web/server.go:499.34,501.17 2 1
github.com/j33pguy/magi/internal/web/server.go:501.17,502.12 1 1
github.com/j33pguy/magi/internal/web/server.go:504.3,505.27 2 1
github.com/j33pguy/magi/internal/web/server.go:505.27,506.40 1 1
github.com/j33pguy/magi/internal/web/server.go:506.40,508.5 1 1
github.com/j33pguy/magi/internal/web/server.go:510.3,510.84 1 1
github.com/j33pguy/magi/internal/web/server.go:513.2,513.66 1 1
github.com/j33pguy/magi/internal/web/server.go:513.66,517.3 3 1
github.com/j33pguy/magi/internal/web/server.go:519.2,519.49 1 1
github.com/j33pguy/magi/internal/web/server.go:522.68,524.16 2 1
github.com/j33pguy/magi/internal/web/server.go:524.16,527.3 2 1
github.com/j33pguy/magi/internal/web/server.go:529.2,548.29 4 1
github.com/j33pguy/magi/internal/web/server.go:548.29,557.3 1 1
github.com/j33pguy/magi/internal/web/server.go:559.2,560.26 2 1
github.com/j33pguy/magi/internal/web/server.go:560.26,569.3 1 1
github.com/j33pguy/magi/internal/web/server.go:571.2,575.4 2 1
github.com/j33pguy/magi/internal/web/server.go:594.68,596.16 2 1
github.com/j33pguy/magi/internal/web/server.go:596.16,599.3 2 1
github.com/j33pguy/magi/internal/web/server.go:600.2,601.34 2 1
github.com/j33pguy/magi/internal/web/server.go:604.50,609.16 3 1
github.com/j33pguy/magi/internal/web/server.go:609.16,611.3 1 1
github.com/j33pguy/magi/internal/web/server.go:614.2,616.16 3 1
github.com/j33pguy/magi/internal/web/server.go:616.16,618.3 1 0
github.com/j33pguy/magi/internal/web/server.go:621.2,622.16 2 1
github.com/j33pguy/magi/internal/web/server.go:622.16,624.3 1 0
github.com/j33pguy/magi/internal/web/server.go:625.2,626.18 2 1
github.com/j33pguy/magi/internal/web/server.go:626.18,628.54 2 1
github.com/j33pguy/magi/internal/web/server.go:628.54,630.4 1 0
github.com/j33pguy/magi/internal/web/server.go:631.3,631.55 1 1
github.com/j33pguy/magi/internal/web/server.go:633.2,637.16 3 1
github.com/j33pguy/magi/internal/web/server.go:637.16,639.3 1 0
github.com/j33pguy/magi/internal/web/server.go:640.2,641.18 2 1
github.com/j33pguy/magi/internal/web/server.go:641.18,643.54 2 1
github.com/j33pguy/magi/internal/web/server.go:643.54,645.4 1 0
github.com/j33pguy/magi/internal/web/server.go:646.3,646.49 1 1
github.com/j33pguy/magi/internal/web/server.go:648.2,651.29 2 1
github.com/j33pguy/magi/internal/web/server.go:651.29,652.38 1 1
github.com/j33pguy/magi/internal/web/server.go:652.38,654.4 1 1
github.com/j33pguy/magi/internal/web/server.go:655.3,655.35 1 1
github.com/j33pguy/magi/internal/web/server.go:655.35,657.4 1 1
github.com/j33pguy/magi/internal/web/server.go:661.2,661.31 1 1
github.com/j33pguy/magi/internal/web/server.go:661.31,663.38 1 1
github.com/j33pguy/magi/internal/web/server.go:663.38,664.20 1 1
github.com/j33pguy/magi/internal/web/server.go:664.20,666.10 2 1
github.com/j33pguy/magi/internal/web/server.go:672.2,673.16 2 1
github.com/j33pguy/magi/internal/web/server.go:673.16,675.3 1 1
github.com/j33pguy/magi/internal/web/server.go:676.2,677.18 2 1
github.com/j33pguy/magi/internal/web/server.go:677.18,679.54 2 1
github.com/j33pguy/magi/internal/web/server.go:679.54,681.4 1 0
github.com/j33pguy/magi/internal/web/server.go:682.3,682.43 1 1
github.com/j33pguy/magi/internal/web/server.go:685.2,685.19 1 1
github.com/j33pguy/magi/internal/web/server.go:701.77,705.19 3 1
github.com/j33pguy/magi/internal/web/server.go:705.19,707.3 1 1
github.com/j33pguy/magi/internal/web/server.go:709.2,715.16 2 1
github.com/j33pguy/magi/internal/web/server.go:715.16,718.3 2 1
github.com/j33pguy/magi/internal/web/server.go:720.2,725.27 2 1
github.com/j33pguy/magi/internal/web/server.go:741.72,747.16 2 1
github.com/j33pguy/magi/internal/web/server.go:747.16,750.3 2 1
github.com/j33pguy/magi/internal/web/server.go:752.2,752.29 1 1
github.com/j33pguy/magi/internal/web/server.go:752.29,754.17 2 1
github.com/j33pguy/magi/internal/web/server.go:754.17,755.12 1 0
github.com/j33pguy/magi/internal/web/server.go:757.3,757.13 1 1
github.com/j33pguy/magi/internal/web/server.go:760.2,767.29 2 1
github.com/j33pguy/magi/internal/web/server.go:767.29,768.30 1 1
github.com/j33pguy/magi/internal/web/server.go:768.30,769.47 1 1
github.com/j33pguy/magi/internal/web/server.go:769.47,771.36 2 1
github.com/j33pguy/magi/internal/web/server.go:771.36,773.6 1 1
github.com/j33pguy/magi/internal/web/server.go:778.2,779.94 2 1
github.com/j33pguy/magi/internal/web/server.go:779.94,780.45 1 1
github.com/j33pguy/magi/internal/web/server.go:780.45,782.4 1 1
github.com/j33pguy/magi/internal/web/server.go:785.2,785.68 1 1
github.com/j33pguy/magi/internal/web/server.go:788.80,792.19 3 1
github.com/j33pguy/magi/internal/web/server.go:792.19,794.3 1 1
github.com/j33pguy/magi/internal/web/server.go:796.2,802.16 2 1
github.com/j33pguy/magi/internal/web/server.go:802.16,805.3 2 1
github.com/j33pguy/magi/internal/web/server.go:807.2,807.29 1 1
github.com/j33pguy/magi/internal/web/server.go:807.29,809.17 2 1
github.com/j33pguy/magi/internal/web/server.go:809.17,810.12 1 0
github.com/j33pguy/magi/internal/web/server.go:812.3,812.13 1 1
github.com/j33pguy/magi/internal/web/server.go:815.2,819.39 2 1
github.com/j33pguy/magi/internal/web/server.go:822.82,827.61 2 1
github.com/j33pguy/magi/internal/web/server.go:827.61,830.3 2 1
github.com/j33pguy/magi/internal/web/server.go:832.2,832.21 1 1
github.com/j33pguy/magi/internal/web/server.go:832.21,836.3 2 1
github.com/j33pguy/magi/internal/web/server.go:838.2,839.16 2 1
github.com/j33pguy/magi/internal/web/server.go:839.16,842.3 2 1
github.com/j33pguy/magi/internal/web/server.go:844.2,845.23 2 1
github.com/j33pguy/magi/internal/web/server.go:845.23,847.3 1 1
github.com/j33pguy/magi/internal/web/server.go:849.2,855.16 3 1
github.com/j33pguy/magi/internal/web/server.go:855.16,858.3 2 1
github.com/j33pguy/magi/internal/web/server.go:860.2,861.28 2 1
github.com/j33pguy/magi/internal/web/server.go:861.28,862.27 1 1
github.com/j33pguy/magi/internal/web/server.go:862.27,864.18 2 1
github.com/j33pguy/magi/internal/web/server.go:864.18,866.5 1 1
github.com/j33pguy/magi/internal/web/server.go:868.3,869.16 2 1
github.com/j33pguy/magi/internal/web/server.go:869.16,871.4 1 0
github.com/j33pguy/magi/internal/web/server.go:872.3,875.5 1 1
github.com/j33pguy/magi/internal/web/server.go:878.2,878.96 1 1
github.com/j33pguy/magi/internal/web/server.go:881.53,885.29 3 1
github.com/j33pguy/magi/internal/web/server.go:885.29,888.64 3 1
github.com/j33pguy/magi/internal/web/server.go:888.64,889.61 1 1
github.com/j33pguy/magi/internal/web/server.go:889.61,894.12 4 1
github.com/j33pguy/magi/internal/web/server.go:895.30,896.24 1 1
github.com/j33pguy/magi/internal/web/server.go:897.48,898.28 1 1
github.com/j33pguy/magi/internal/web/server.go:899.48,900.35 1 1
github.com/j33pguy/magi/internal/web/server.go:901.13,902.44 1 1
github.com/j33pguy/magi/internal/web/server.go:904.5,905.10 2 1
github.com/j33pguy/magi/internal/web/server.go:908.3,908.14 1 1
github.com/j33pguy/magi/internal/web/server.go:908.14,910.4 1 1
github.com/j33pguy/magi/internal/web/server.go:912.3,912.37 1 1
github.com/j33pguy/magi/internal/web/server.go:912.37,915.4 2 1
github.com/j33pguy/magi/internal/web/server.go:916.3,916.77 1 1
github.com/j33pguy/magi/internal/web/server.go:919.2,920.28 2 1
github.com/j33pguy/magi/internal/web/server.go:920.28,922.3 1 1
github.com/j33pguy/magi/internal/web/server.go:923.2,923.15 1 1
github.com/j33pguy/magi/internal/web/server.go:926.36,927.11 1 1
github.com/j33pguy/magi/internal/web/server.go:928.17,929.25 1 1
github.com/j33pguy/magi/internal/web/server.go:930.17,931.25 1 1
github.com/j33pguy/magi/internal/web/server.go:932.21,933.29 1 1
github.com/j33pguy/magi/internal/web/server.go:934.15,935.23 1 1
github.com/j33pguy/magi/internal/web/server.go:936.10,937.25 1 1
github.com/j33pguy/magi/internal/web/server.go:941.32,943.2 1 1
github.com/j33pguy/magi/internal/web/server.go:947.70,949.2 1 1
github.com/j33pguy/magi/internal/web/server.go:964.72,968.16 3 1
github.com/j33pguy/magi/internal/web/server.go:968.16,971.3 2 1
github.com/j33pguy/magi/internal/web/server.go:972.2,972.37 1 1
github.com/j33pguy/magi/internal/web/server.go:972.37,975.3 2 1
github.com/j33pguy/magi/internal/web/server.go:977.2,978.16 2 1
github.com/j33pguy/magi/internal/web/server.go:978.16,981.3 2 1
github.com/j33pguy/magi/internal/web/server.go:983.2,987.16 4 1
github.com/j33pguy/magi/internal/web/server.go:987.16,990.3 2 0
github.com/j33pguy/magi/internal/web/server.go:992.2,993.26 2 1
github.com/j33pguy/magi/internal/web/server.go:993.26,996.17 3 1
github.com/j33pguy/magi/internal/web/server.go:996.17,998.12 2 1
github.com/j33pguy/magi/internal/web/server.go:1001.3,1014.17 3 1
github.com/j33pguy/magi/internal/web/server.go:1014.17,1016.12 2 1
github.com/j33pguy/magi/internal/web/server.go:1019.3,1020.19 2 1
github.com/j33pguy/magi/internal/web/server.go:1020.19,1022.4 1 1
github.com/j33pguy/magi/internal/web/server.go:1023.3,1023.22 1 1
github.com/j33pguy/magi/internal/web/server.go:1023.22,1025.4 1 1
github.com/j33pguy/magi/internal/web/server.go:1026.3,1026.54 1 1
github.com/j33pguy/magi/internal/web/server.go:1026.54,1028.4 1 1
github.com/j33pguy/magi/internal/web/server.go:1030.3,1035.5 2 1
github.com/j33pguy/magi/internal/web/server.go:1038.2,1038.33 1 1
github.com/j33pguy/magi/internal/web/server.go:1046.78,1050.16 3 1
github.com/j33pguy/magi/internal/web/server.go:1050.16,1053.3 2 1
github.com/j33pguy/magi/internal/web/server.go:1055.2,1059.49 3 1
github.com/j33pguy/magi/internal/web/server.go:1059.49,1061.3 1 1
github.com/j33pguy/magi/internal/web/server.go:1063.2,1063.33 1 1
github.com/j33pguy/magi/internal/web/server.go:1067.78,1076.16 3 1
github.com/j33pguy/magi/internal/web/server.go:1076.16,1079.3 2 1
github.com/j33pguy/magi/internal/web/server.go:1082.2,1087.16 4 1
github.com/j33pguy/magi/internal/web/server.go:1087.16,1090.3 2 1
github.com/j33pguy/magi/internal/web/server.go:1092.2,1099.42 2 1
github.com/j33pguy/magi/internal/web/server.go:1099.42,1104.3 3 1
github.com/j33pguy/magi/internal/web/server.go:1106.2,1107.35 2 1
github.com/j33pguy/magi/internal/web/server.go:1112.55,1122.2 3 1
github.com/j33pguy/magi/internal/web/server.go:1124.72,1126.20 2 1
github.com/j33pguy/magi/internal/web/server.go:1126.20,1129.27 2 1
github.com/j33pguy/magi/internal/web/server.go:1130.31,1131.38 1 1
github.com/j33pguy/magi/internal/web/server.go:1131.38,1133.5 1 1
github.com/j33pguy/magi/internal/web/server.go:1134.26,1135.19 1 1
github.com/j33pguy/magi/internal/web/server.go:1136.11,1138.31 1 1
github.com/j33pguy/magi/internal/web/server.go:1140.3,1140.33 1 1
github.com/j33pguy/magi/internal/web/server.go:1140.33,1141.61 1 1
github.com/j33pguy/magi/internal/web/server.go:1141.61,1143.5 1 0
github.com/j33pguy/magi/internal/web/server.go:1144.4,1144.10 1 1
github.com/j33pguy/magi/internal/web/server.go:1147.2,1147.62 1 1
github.com/j33pguy/magi/internal/web/server.go:1147.62,1149.3 1 1
github.com/j33pguy/magi/internal/web/server.go:1153.38,1154.26 1 1
github.com/j33pguy/magi/internal/web/server.go:1155.25,1156.15 1 1
github.com/j33pguy/magi/internal/web/server.go:1157.26,1158.15 1 1
github.com/j33pguy/magi/internal/web/server.go:1159.20,1160.15 1 1
github.com/j33pguy/magi/internal/web/server.go:1161.21,1162.15 1 1
github.com/j33pguy/magi/internal/web/server.go:1163.17,1164.15 1 1
github.com/j33pguy/magi/internal/web/server.go:1165.18,1166.15 1 1
github.com/j33pguy/magi/internal/web/server.go:1167.16,1168.15 1 1
github.com/j33pguy/magi/internal/web/server.go:1169.17,1170.15 1 1
github.com/j33pguy/magi/internal/web/server.go:1173.2,1174.32 2 1
github.com/j33pguy/magi/internal/web/server.go:1174.32,1176.3 1 1
github.com/j33pguy/magi/internal/web/server.go:1177.2,1177.11 1 1
github.com/j33pguy/magi/internal/web/server.go:1180.79,1182.62 2 1
github.com/j33pguy/magi/internal/web/server.go:1182.62,1184.3 1 1
github.com/j33pguy/magi/internal/web/server.go:1187.65,1190.2 2 1
github.com/j33pguy/magi/internal/server/server.go:44.48,48.16 3 1
github.com/j33pguy/magi/internal/server/server.go:48.16,50.3 1 1
github.com/j33pguy/magi/internal/server/server.go:53.2,53.43 1 1
github.com/j33pguy/magi/internal/server/server.go:53.43,56.3 2 0
github.com/j33pguy/magi/internal/server/server.go:59.2,60.16 2 1
github.com/j33pguy/magi/internal/server/server.go:60.16,63.3 2 1
github.com/j33pguy/magi/internal/server/server.go:65.2,74.20 3 1
github.com/j33pguy/magi/internal/server/server.go:74.20,76.17 2 1
github.com/j33pguy/magi/internal/server/server.go:76.17,78.4 1 1
github.com/j33pguy/magi/internal/server/server.go:78.9,83.56 3 1
github.com/j33pguy/magi/internal/server/server.go:83.56,85.99 2 0
github.com/j33pguy/magi/internal/server/server.go:85.99,87.6 1 0
github.com/j33pguy/magi/internal/server/server.go:91.4,91.79 1 1
github.com/j33pguy/magi/internal/server/server.go:95.2,112.22 7 1
github.com/j33pguy/magi/internal/server/server.go:112.22,114.3 1 1
github.com/j33pguy/magi/internal/server/server.go:115.2,119.22 3 1
github.com/j33pguy/magi/internal/server/server.go:119.22,121.3 1 1
github.com/j33pguy/magi/internal/server/server.go:123.2,123.15 1 1
github.com/j33pguy/magi/internal/server/server.go:126.34,177.2 34 1
github.com/j33pguy/magi/internal/server/server.go:179.38,197.2 12 1
github.com/j33pguy/magi/internal/server/server.go:200.36,202.16 2 1
github.com/j33pguy/magi/internal/server/server.go:202.16,204.3 1 1
github.com/j33pguy/magi/internal/server/server.go:206.2,207.16 2 1
github.com/j33pguy/magi/internal/server/server.go:207.16,209.3 1 1
github.com/j33pguy/magi/internal/server/server.go:211.2,212.48 2 1
github.com/j33pguy/magi/internal/server/server.go:212.48,214.3 1 1
github.com/j33pguy/magi/internal/server/server.go:215.2,215.12 1 1
github.com/j33pguy/magi/internal/server/server.go:220.39,222.16 2 1
github.com/j33pguy/magi/internal/server/server.go:222.16,224.3 1 1
github.com/j33pguy/magi/internal/server/server.go:225.2,226.20 2 1
github.com/j33pguy/magi/internal/server/server.go:226.20,228.3 1 1
github.com/j33pguy/magi/internal/server/server.go:230.2,235.94 5 1
github.com/j33pguy/magi/internal/server/server.go:235.94,237.3 1 0
github.com/j33pguy/magi/internal/server/server.go:239.2,246.83 3 1
github.com/j33pguy/magi/internal/server/server.go:246.83,248.3 1 1
github.com/j33pguy/magi/internal/server/server.go:249.2,249.12 1 1
github.com/j33pguy/magi/internal/server/server.go:253.35,255.16 2 1
github.com/j33pguy/magi/internal/server/server.go:255.16,257.3 1 1
github.com/j33pguy/magi/internal/server/server.go:259.2,269.84 5 1
github.com/j33pguy/magi/internal/server/server.go:269.84,271.3 1 1
github.com/j33pguy/magi/internal/server/server.go:272.2,272.12 1 1
github.com/j33pguy/magi/internal/server/server.go:276.57,277.24 1 1
github.com/j33pguy/magi/internal/server/server.go:277.24,279.3 1 1
github.com/j33pguy/magi/internal/server/server.go:280.2,280.12 1 1
github.com/j33pguy/magi/internal/server/server.go:284.36,286.2 1 1
github.com/j33pguy/magi/internal/server/server.go:289.58,291.2 1 1
github.com/j33pguy/magi/internal/server/server.go:294.58,296.23 2 1
github.com/j33pguy/magi/internal/server/server.go:296.23,298.3 1 1
github.com/j33pguy/magi/internal/server/server.go:299.2,299.12 1 1
github.com/j33pguy/magi/internal/server/server.go:303.30,306.2 2 0
github.com/j33pguy/magi/internal/server/server.go:309.26,310.22 1 1
github.com/j33pguy/magi/internal/server/server.go:310.22,312.3 1 1
github.com/j33pguy/magi/internal/server/server.go:313.2,313.23 1 1
github.com/j33pguy/magi/internal/server/server.go:313.23,315.3 1 1
github.com/j33pguy/magi/internal/server/server.go:316.2,316.23 1 1
github.com/j33pguy/magi/internal/server/server.go:316.23,318.3 1 1
